Traceback (most recent call last):
  File "/Users/van/Programs/miniforge3/envs/webdev/lib/python3.11/site-packages/jupyter_cache/executors/utils.py", line 58, in single_nb_execution
    executenb(
  File "/Users/van/Programs/miniforge3/envs/webdev/lib/python3.11/site-packages/nbclient/client.py", line 1314, in execute
    return NotebookClient(nb=nb, resources=resources, km=km, **kwargs).execute()
           ^^^^^^^^^^^^^^^^^^^^^^^^^^^^^^^^^^^^^^^^^^^^^^^^^^^^^^^^^^^^^^^^^^^^^
  File "/Users/van/Programs/miniforge3/envs/webdev/lib/python3.11/site-packages/jupyter_core/utils/__init__.py", line 165, in wrapped
    return loop.run_until_complete(inner)
           ^^^^^^^^^^^^^^^^^^^^^^^^^^^^^^
  File "/Users/van/Programs/miniforge3/envs/webdev/lib/python3.11/asyncio/base_events.py", line 654, in run_until_complete
    return future.result()
           ^^^^^^^^^^^^^^^
  File "/Users/van/Programs/miniforge3/envs/webdev/lib/python3.11/site-packages/nbclient/client.py", line 709, in async_execute
    await self.async_execute_cell(
  File "/Users/van/Programs/miniforge3/envs/webdev/lib/python3.11/site-packages/nbclient/client.py", line 1062, in async_execute_cell
    await self._check_raise_for_error(cell, cell_index, exec_reply)
  File "/Users/van/Programs/miniforge3/envs/webdev/lib/python3.11/site-packages/nbclient/client.py", line 918, in _check_raise_for_error
    raise CellExecutionError.from_cell_and_msg(cell, exec_reply_content)
nbclient.exceptions.CellExecutionError: An error occurred while executing the following cell:
------------------
val_kn = []
for i in range(n_windows):
    fnames = sorted(glob('../test/mbar/%02d/step6.0?_equilibration.cv' % i))
    arrays = [np.loadtxt(f, usecols=1)[::] for f in fnames[:]]
    val_kn.append(np.concatenate(arrays))
val0_k = np.linspace(val_min, val_max, n_windows)
K_k = np.ones(n_windows) * fc
------------------


[0;31m---------------------------------------------------------------------------[0m
[0;31mValueError[0m                                Traceback (most recent call last)
Cell [0;32mIn[5], line 5[0m
[1;32m      3[0m     fnames [38;5;241m=[39m [38;5;28msorted[39m(glob([38;5;124m'[39m[38;5;124m../test/mbar/[39m[38;5;132;01m%02d[39;00m[38;5;124m/step6.0?_equilibration.cv[39m[38;5;124m'[39m [38;5;241m%[39m i))
[1;32m      4[0m     arrays [38;5;241m=[39m [np[38;5;241m.[39mloadtxt(f, usecols[38;5;241m=[39m[38;5;241m1[39m)[::] [38;5;28;01mfor[39;00m f [38;5;129;01min[39;00m fnames[:]]
[0;32m----> 5[0m     val_kn[38;5;241m.[39mappend([43mnp[49m[38;5;241;43m.[39;49m[43mconcatenate[49m[43m([49m[43marrays[49m[43m)[49m)
[1;32m      6[0m val0_k [38;5;241m=[39m np[38;5;241m.[39mlinspace(val_min, val_max, n_windows)
[1;32m      7[0m K_k [38;5;241m=[39m np[38;5;241m.[39mones(n_windows) [38;5;241m*[39m fc

[0;31mValueError[0m: need at least one array to concatenate

