
          -------------------------------------------------------
          Amber 22 SANDER                              2022
          -------------------------------------------------------

| Run on 09/29/2023 at 20:00:29

|   Executable path: sander
| Working directory: /Users/van/website/CodingNotes/_static/md/distance
|          Hostname: Unknown
  [-O]verwriting output

File Assignments:
|  MDIN: heat.in                                                               
| MDOUT: heat.out                                                              
|INPCRD: min.ncrst                                                             
|  PARM: step3_pbcsetup.parm7                                                  
|RESTRT: heat.ncrst                                                            
|  REFC: min.ncrst                                                             
| MDVEL: mdvel                                                                 
| MDFRC: mdfrc                                                                 
|  MDEN: mden                                                                  
| MDCRD: heat.nc                                                               
|MDINFO: heat.mdinfo                                                           
|  MTMD: mtmd                                                                  
|INPDIP: inpdip                                                                
|RSTDIP: rstdip                                                                
|INPTRA: inptraj                                                               


 Here is the input file:

A NVT simulation for common production-level simulations                       
 &cntrl                                                                        
    imin=0,        ! No minimization                                           
    irest=0,       ! This is NOT a restart of an old MD simulation             
    ntx=1,         ! So our inpcrd file has no velocities                      
                                                                               
    ! Temperature control                                                      
    ntt=3,         ! Langevin dynamics                                         
    gamma_ln=1.0,  ! Friction coefficient (ps^-1)                              
    temp0=300,     ! Target temperature                                        
                                                                               
    ! Potential energy control                                                 
    cut=9.0,       ! nonbonded cutoff, in angstroms                            
                                                                               
    ! MD settings                                                              
    nstlim=10000,  ! 10K steps, 10 ps total                                    
    dt=0.001,      ! time step (ps)                                            
                                                                               
    ! SHAKE                                                                    
    ntc=2,         ! Constrain bonds containing hydrogen                       
    ntf=2,         ! Do not calculate forces of bonds containing hydrogen      
                                                                               
    ! Control how often information is printed                                 
    ntpr=1000,     ! Print energies every 1000 steps                           
    ntwx=1000,     ! Print coordinates every 5000 steps to the trajectory      
    ntwr=1000,     ! Print a restart file every 10K steps (can be less frequent)
    ntxo=2,        ! Write NetCDF format                                       
    ioutfm=1,      ! Write NetCDF format (always do this!)                     
                                                                               
    ! Wrap coordinates when printing them to the same unit cell                
    iwrap=1,                                                                   
                                                                               
    ! Restraint options                                                        
    ntr=1,                                                                     
    restraint_wt=5,                                                            
    restraintmask=':1-6', ! Apply weak positional restraint on residues        
 /                                                                             

--------------------------------------------------------------------------------
   1.  RESOURCE   USE: 
--------------------------------------------------------------------------------

| Flags:                                                                        
 getting box info from netcdf restart file
| NetCDF restart box info found
|Largest sphere to fit in unit cell has radius =    20.773
| New format PARM file being parsed.
| Version =    1.000 Date = 09/06/23 Time = 01:33:00
 NATOM  =    5285 NTYPES =       9 NBONH =    5265 MBONA  =      18
 NTHETH =      50 MTHETA =      22 NPHIH =      86 MPHIA  =      48
 NHPARM =       0 NPARM  =       0 NNB   =    7186 NRES   =    1753
 NBONA  =      18 NTHETA =      22 NPHIA =      48 NUMBND =      13
 NUMANG =      21 NPTRA  =      14 NATYP =      10 NPHB   =       0
 IFBOX  =       1 NMXRS  =      10 IFCAP =       0 NEXTRA =       0
 NCOPY  =       0

| CMAP information read from topology file: 

|     Memory Use     Allocated
|     Real             1006313
|     Hollerith          17610
|     Integer           146470
|     Max Pairs        2344778
|     nblistReal         63420
|     nblist Int        246335
|       Total            19119 kbytes

| Note: 1-4 EEL scale factors are being read from the topology file.

| Note: 1-4 VDW scale factors are being read from the topology file.
| Duplicated    0 dihedrals
| Duplicated    0 dihedrals
|CMAP: Reticulating splines.

     BOX TYPE: RECTILINEAR

--------------------------------------------------------------------------------
   2.  CONTROL  DATA  FOR  THE  RUN
--------------------------------------------------------------------------------

ACE                                                                             

General flags:
     imin    =       0, nmropt  =       0

Nature and format of input:
     ntx     =       1, irest   =       0, ntrx    =       1

Nature and format of output:
     ntxo    =       2, ntpr    =    1000, ntrx    =       1, ntwr    =    1000
     iwrap   =       1, ntwx    =    1000, ntwv    =       0, ntwe    =       0
     ioutfm  =       1, ntwprt  =       0, idecomp =       0, rbornstat=      0

Potential function:
     ntf     =       2, ntb     =       1, igb     =       0, nsnb    =      25
     ipol    =       0, gbsa    =       0, iesp    =       0
     dielc   =   1.00000, cut     =   9.00000, intdiel =   1.00000

Frozen or restrained atoms:
     ibelly  =       0, ntr     =       1
     restraint_wt =   5.00000

Molecular dynamics:
     nstlim  =     10000, nscm    =         0, nrespa  =         1
     t       =   0.00000, dt      =   0.00100, vlimit  =  20.00000

Langevin dynamics temperature regulation:
     ig      =   71277
     temp0   = 300.00000, tempi   =   0.00000, gamma_ln=   1.00000

SHAKE:
     ntc     =       2, jfastw  =       0
     tol     =   0.00001

Ewald parameters:
     verbose =       0, ew_type =       0, nbflag  =       1, use_pme =       1
     vdwmeth =       1, eedmeth =       1, netfrc  =       1
     Box X =   41.545   Box Y =   41.891   Box Z =   41.935
     Alpha =   90.000   Beta  =   90.000   Gamma =   90.000
     NFFT1 =   48       NFFT2 =   45       NFFT3 =   45
     Cutoff=    9.000   Tol   =0.100E-04
     Ewald Coefficient =  0.30768
     Interpolation order =    4
|  INFO: Old style inpcrd file read


    LOADING THE CONSTRAINED ATOMS AS GROUPS


   5.  REFERENCE ATOM COORDINATES

  ACE 
     Mask :1-6; matches    44 atoms

--------------------------------------------------------------------------------
   3.  ATOMIC COORDINATES AND VELOCITIES
--------------------------------------------------------------------------------

ACE                                                                             
 begin time read from input coords =     0.000 ps

 Number of triangulated 3-point waters found:     1747

     Sum of charges from parm topology file =  -0.00000000
     Forcing neutrality...

--------------------------------------------------------------------------------
   4.  RESULTS
--------------------------------------------------------------------------------

|  # of SOLUTE  degrees of freedom (RNDFP):   10590.
|  # of SOLVENT degrees of freedom (RNDFS):       0.
|  NDFMIN =   10590.     NUM_NOSHAKE =      0     CORRECTED RNDFP =   10590.
|  TOTAL # of degrees of freedom (RNDF) =   10590.
 ---------------------------------------------------
 APPROXIMATING switch and d/dx switch using CUBIC SPLINE INTERPOLATION
 using   5000.0 points per unit in tabled values
 TESTING RELATIVE ERROR over r ranging from 0.0 to cutoff
| CHECK switch(x): max rel err =   0.2738E-14   at   2.422500
| CHECK d/dx switch(x): max rel err =   0.8314E-11   at   2.736960
 ---------------------------------------------------
| Local SIZE OF NONBOND LIST =    1152193
| TOTAL SIZE OF NONBOND LIST =    1152193

 NSTEP =        0   TIME(PS) =       0.000  TEMP(K) =     0.00  PRESS =     0.0
 Etot   =    -23172.9409  EKtot   =         0.0000  EPtot      =    -23172.9409
 BOND   =         1.0006  ANGLE   =         3.4209  DIHED      =         5.3904
 1-4 NB =         5.6308  1-4 EEL =        92.4913  VDWAALS    =      4796.7442
 EELEC  =    -28075.7472  EHBOND  =         0.0000  RESTRAINT  =         0.0000
 CMAP   =        -1.8718
 Ewald error estimate:   0.3630E-03
 ------------------------------------------------------------------------------


 NSTEP =     1000   TIME(PS) =       1.000  TEMP(K) =   192.40  PRESS =     0.0
 Etot   =    -15947.1644  EKtot   =      2024.4838  EPtot      =    -17971.6482
 BOND   =         4.3330  ANGLE   =        11.4197  DIHED      =         5.9288
 1-4 NB =         5.1240  1-4 EEL =        90.1945  VDWAALS    =      3160.4057
 EELEC  =    -21253.3857  EHBOND  =         0.0000  RESTRAINT  =         6.1332
 EAMBER (non-restraint)  =    -17977.7814
 CMAP   =        -1.8013
 Ewald error estimate:   0.2788E-03
 ------------------------------------------------------------------------------


 NSTEP =     2000   TIME(PS) =       2.000  TEMP(K) =   250.20  PRESS =     0.0
 Etot   =    -14411.2610  EKtot   =      2632.6775  EPtot      =    -17043.9385
 BOND   =         3.4899  ANGLE   =        13.9455  DIHED      =         6.3931
 1-4 NB =         6.2200  1-4 EEL =        95.0560  VDWAALS    =      2825.2483
 EELEC  =    -19999.6431  EHBOND  =         0.0000  RESTRAINT  =         6.6349
 EAMBER (non-restraint)  =    -17050.5734
 CMAP   =        -1.2832
 Ewald error estimate:   0.1911E-03
 ------------------------------------------------------------------------------


 NSTEP =     3000   TIME(PS) =       3.000  TEMP(K) =   276.20  PRESS =     0.0
 Etot   =    -13637.2561  EKtot   =      2906.2131  EPtot      =    -16543.4692
 BOND   =         4.8883  ANGLE   =        10.6442  DIHED      =         7.4401
 1-4 NB =         5.2603  1-4 EEL =        94.7044  VDWAALS    =      2518.3177
 EELEC  =    -19190.6421  EHBOND  =         0.0000  RESTRAINT  =         7.5718
 EAMBER (non-restraint)  =    -16551.0409
 CMAP   =        -1.6538
 Ewald error estimate:   0.1889E-04
 ------------------------------------------------------------------------------


 NSTEP =     4000   TIME(PS) =       4.000  TEMP(K) =   280.71  PRESS =     0.0
 Etot   =    -13414.6468  EKtot   =      2953.6293  EPtot      =    -16368.2760
 BOND   =         4.7971  ANGLE   =        14.0656  DIHED      =         7.0339
 1-4 NB =         6.5240  1-4 EEL =        96.3042  VDWAALS    =      2576.7208
 EELEC  =    -19085.6582  EHBOND  =         0.0000  RESTRAINT  =        13.1709
 EAMBER (non-restraint)  =    -16381.4469
 CMAP   =        -1.2344
 Ewald error estimate:   0.1119E-03
 ------------------------------------------------------------------------------


 NSTEP =     5000   TIME(PS) =       5.000  TEMP(K) =   286.75  PRESS =     0.0
 Etot   =    -13284.9489  EKtot   =      3017.2093  EPtot      =    -16302.1582
 BOND   =         7.9228  ANGLE   =        22.1559  DIHED      =         6.4456
 1-4 NB =         4.5931  1-4 EEL =        91.8342  VDWAALS    =      2606.7622
 EELEC  =    -19049.3655  EHBOND  =         0.0000  RESTRAINT  =         8.7443
 EAMBER (non-restraint)  =    -16310.9025
 CMAP   =        -1.2508
 Ewald error estimate:   0.1374E-03
 ------------------------------------------------------------------------------


 NSTEP =     6000   TIME(PS) =       6.000  TEMP(K) =   294.23  PRESS =     0.0
 Etot   =    -13025.0170  EKtot   =      3095.8933  EPtot      =    -16120.9103
 BOND   =         4.7306  ANGLE   =        13.9485  DIHED      =         7.0014
 1-4 NB =         6.3436  1-4 EEL =        95.1340  VDWAALS    =      2398.2845
 EELEC  =    -18652.1813  EHBOND  =         0.0000  RESTRAINT  =         7.2545
 EAMBER (non-restraint)  =    -16128.1649
 CMAP   =        -1.4262
 Ewald error estimate:   0.7313E-06
 ------------------------------------------------------------------------------


 NSTEP =     7000   TIME(PS) =       7.000  TEMP(K) =   299.96  PRESS =     0.0
 Etot   =    -12959.0029  EKtot   =      3156.2677  EPtot      =    -16115.2707
 BOND   =         5.7506  ANGLE   =        16.3545  DIHED      =         7.2047
 1-4 NB =         7.4222  1-4 EEL =        97.1967  VDWAALS    =      2398.4335
 EELEC  =    -18651.9859  EHBOND  =         0.0000  RESTRAINT  =         6.3053
 EAMBER (non-restraint)  =    -16121.5759
 CMAP   =        -1.9523
 Ewald error estimate:   0.1264E-03
 ------------------------------------------------------------------------------


 NSTEP =     8000   TIME(PS) =       8.000  TEMP(K) =   300.56  PRESS =     0.0
 Etot   =    -12999.7600  EKtot   =      3162.5308  EPtot      =    -16162.2908
 BOND   =         6.5141  ANGLE   =        10.0612  DIHED      =         8.5948
 1-4 NB =         7.0584  1-4 EEL =        94.3316  VDWAALS    =      2468.8653
 EELEC  =    -18765.2269  EHBOND  =         0.0000  RESTRAINT  =         9.4251
 EAMBER (non-restraint)  =    -16171.7160
 CMAP   =        -1.9145
 Ewald error estimate:   0.1276E-03
 ------------------------------------------------------------------------------


 NSTEP =     9000   TIME(PS) =       9.000  TEMP(K) =   300.59  PRESS =     0.0
 Etot   =    -12968.0863  EKtot   =      3162.8526  EPtot      =    -16130.9389
 BOND   =         6.2211  ANGLE   =        21.8145  DIHED      =         7.9067
 1-4 NB =         4.3019  1-4 EEL =        89.8908  VDWAALS    =      2360.6166
 EELEC  =    -18631.4795  EHBOND  =         0.0000  RESTRAINT  =        11.8313
 EAMBER (non-restraint)  =    -16142.7701
 CMAP   =        -2.0423
 Ewald error estimate:   0.6573E-04
 ------------------------------------------------------------------------------


 NSTEP =    10000   TIME(PS) =      10.000  TEMP(K) =   302.60  PRESS =     0.0
 Etot   =    -12992.0916  EKtot   =      3183.9637  EPtot      =    -16176.0552
 BOND   =         8.3915  ANGLE   =        13.6909  DIHED      =         6.6815
 1-4 NB =         4.7165  1-4 EEL =        92.4425  VDWAALS    =      2529.7778
 EELEC  =    -18842.3777  EHBOND  =         0.0000  RESTRAINT  =        12.3394
 EAMBER (non-restraint)  =    -16188.3947
 CMAP   =        -1.7177
 Ewald error estimate:   0.2047E-04
 ------------------------------------------------------------------------------


      A V E R A G E S   O V E R   10000 S T E P S


 NSTEP =    10000   TIME(PS) =      10.000  TEMP(K) =   267.47  PRESS =     0.0
 Etot   =    -13840.0982  EKtot   =      2814.3964  EPtot      =    -16654.4946
 BOND   =         5.8455  ANGLE   =        15.6006  DIHED      =         7.7241
 1-4 NB =         6.0734  1-4 EEL =        92.8227  VDWAALS    =      2640.5272
 EELEC  =    -19429.4715  EHBOND  =         0.0000  RESTRAINT  =         8.0790
 EAMBER (non-restraint)  =    -16662.5736
 CMAP   =        -1.6957
 Ewald error estimate:   0.1385E-03
 ------------------------------------------------------------------------------


      R M S  F L U C T U A T I O N S


 NSTEP =    10000   TIME(PS) =      10.000  TEMP(K) =    57.20  PRESS =     0.0
 Etot   =      1420.2206  EKtot   =       601.9060  EPtot      =       824.2170
 BOND   =         2.2273  ANGLE   =         4.1655  DIHED      =         1.2385
 1-4 NB =         0.9195  1-4 EEL =         2.5965  VDWAALS    =       358.9178
 EELEC  =      1169.3248  EHBOND  =         0.0000  RESTRAINT  =         2.7423
 EAMBER (non-restraint)  =       821.4748
 CMAP   =         0.3283
 Ewald error estimate:   0.1041E-03
 ------------------------------------------------------------------------------


--------------------------------------------------------------------------------
   5.  TIMINGS
--------------------------------------------------------------------------------

|                Build the list            12.69 (99.32% of List )
|                Other                      0.09 ( 0.68% of List )
|             List time                 12.78 ( 4.87% of Nonbo)
|                   Short_ene time           199.41 (99.21% of Direc)
|                   Other                      1.59 ( 0.79% of Direc)
|                Direct Ewald time        201.00 (80.55% of Ewald)
|                Adjust Ewald time          0.96 ( 0.38% of Ewald)
|                   Fill Bspline coeffs        1.97 ( 4.15% of Recip)
|                   Fill charge grid           5.25 (11.08% of Recip)
|                   Scalar sum                 7.55 (15.93% of Recip)
|                   Grad sum                   9.13 (19.28% of Recip)
|                   FFT time                  23.48 (49.55% of Recip)
|                   Other                      0.00 ( 0.01% of Recip)
|                Recip Ewald time          47.38 (18.98% of Ewald)
|                Force Adjust               0.04 ( 0.02% of Ewald)
|                Virial junk                0.14 ( 0.06% of Ewald)
|                Other                      0.02 ( 0.01% of Ewald)
|             Ewald time               249.55 (95.13% of Nonbo)
|          Nonbond force            262.34 (99.90% of Force)
|          Bond/Angle/Dihedral        0.22 ( 0.08% of Force)
|          Other                      0.05 ( 0.02% of Force)
|       Force time               262.60 (93.11% of Runmd)
|       Shake time                 1.42 ( 0.50% of Runmd)
|       Verlet update time        17.95 ( 6.37% of Runmd)
|       Other                      0.06 ( 0.02% of Runmd)
|    Runmd Time               282.03 (100.0% of Total)
|    Other                      0.04 ( 0.01% of Total)
| Total time               282.07 (100.0% of ALL  )

| Number of list builds   :        459

| Highest rstack allocated:     355885
| Highest istack allocated:       5285

| Final Performance Info:
| -----------------------------------------------------
| Average timings for all steps:
|     Elapsed(s) =     282.03 Per Step(ms) =      28.20
|         ns/day =       3.06   seconds/ns =   28203.45
| -----------------------------------------------------

|           Job began  at 20:00:29.563  on 09/29/2023
|           Setup done at 20:00:29.603  on 09/29/2023
|           Run   done at 20:05:11.637  on 09/29/2023
|     wallclock() was called  440979 times

|3D-RISM memory allocation summary
|Type          Maximum        Current   
|Integer       0.00000 GB     0.00000 GB
|Real          0.00000 GB     0.00000 GB
|Logical       0.00000 GB     0.00000 GB
|Character     0.00000 GB     0.00000 GB
|---------------------------------------
|Total         0.00000 GB     0.00000 GB
