
          -------------------------------------------------------
          Amber 22 SANDER                              2022
          -------------------------------------------------------

| Run on 09/29/2023 at 20:14:52

|   Executable path: sander
| Working directory: /Users/van/website/CodingNotes/_static/md/distance
|          Hostname: Unknown
  [-O]verwriting output

File Assignments:
|  MDIN: prod2.in                                                              
| MDOUT: prod2.out                                                             
|INPCRD: prod1.ncrst                                                           
|  PARM: step3_pbcsetup.parm7                                                  
|RESTRT: prod2.ncrst                                                           
|  REFC: refc                                                                  
| MDVEL: mdvel                                                                 
| MDFRC: mdfrc                                                                 
|  MDEN: mden                                                                  
| MDCRD: prod2.nc                                                              
|MDINFO: prod2.mdinfo                                                          
|  MTMD: mtmd                                                                  
|INPDIP: inpdip                                                                
|RSTDIP: rstdip                                                                
|INPTRA: inptraj                                                               


 Here is the input file:

A NVT simulation for common production-level simulations                       
 &cntrl                                                                        
    imin=0,        ! No minimization                                           
    irest=1,       ! This IS a restart of an old MD simulation                 
    ntx=5,         ! So our inpcrd file has velocities                         
                                                                               
    ! Temperature control                                                      
    ntt=3,         ! Langevin dynamics                                         
    gamma_ln=1.0,  ! Friction coefficient (ps^-1)                              
    temp0=300,   ! Target temperature                                          
                                                                               
    ! Potential energy control                                                 
    cut=9.0,       ! nonbonded cutoff, in Angstroms                            
                                                                               
    ! MD settings                                                              
    nstlim=10000, ! 2 ns total                                                 
    dt=0.001,      ! time step (ps)                                            
                                                                               
    ! SHAKE                                                                    
    ntc=2,         ! Constrain bonds containing hydrogen                       
    ntf=2,         ! Do not calculate forces of bonds containing hydrogen      
                                                                               
    ! Control how often information is printed                                 
    ntpr=1000,     ! Print energies every 1000 steps                           
    ntwx=1000,    ! Print coordinates every 50000 steps to the trajectory      
    ntwr=1000,    ! Print a restart file every 10K steps (can be less frequent)
    ntxo=2,        ! Write NetCDF format                                       
    ioutfm=1,      ! Write NetCDF format (always do this!)                     
                                                                               
    ! Wrap coordinates when printing them to the same unit cell                
    iwrap=1,                                                                   
                                                                               
    ! Restraints                                                               
    nmropt=1,      ! Turn on restraints                                        
                                                                               
 /                                                                             
                                                                               
 &wt type='DUMPFREQ', istep1=10 /                                              
 &wt type='END' /                                                              
 DISANG=cv2.rst                                                                
 DUMPAVE=prod2.cv                                                              
                                                                               
 /                                                                             

--------------------------------------------------------------------------------
   1.  RESOURCE   USE: 
--------------------------------------------------------------------------------

| Flags:                                                                        
 getting box info from netcdf restart file
| NetCDF restart box info found
|Largest sphere to fit in unit cell has radius =    20.773
| New format PARM file being parsed.
| Version =    1.000 Date = 09/06/23 Time = 01:33:00
 NATOM  =    5285 NTYPES =       9 NBONH =    5265 MBONA  =      18
 NTHETH =      50 MTHETA =      22 NPHIH =      86 MPHIA  =      48
 NHPARM =       0 NPARM  =       0 NNB   =    7186 NRES   =    1753
 NBONA  =      18 NTHETA =      22 NPHIA =      48 NUMBND =      13
 NUMANG =      21 NPTRA  =      14 NATYP =      10 NPHB   =       0
 IFBOX  =       1 NMXRS  =      10 IFCAP =       0 NEXTRA =       0
 NCOPY  =       0

| CMAP information read from topology file: 

|     Memory Use     Allocated
|     Real              935227
|     Hollerith          17610
|     Integer           146552
|     Max Pairs        2344778
|     nblistReal         63420
|     nblist Int        246335
|       Total            18564 kbytes

| Note: 1-4 EEL scale factors are being read from the topology file.

| Note: 1-4 VDW scale factors are being read from the topology file.
| Duplicated    0 dihedrals
| Duplicated    0 dihedrals
|CMAP: Reticulating splines.

     BOX TYPE: RECTILINEAR

--------------------------------------------------------------------------------
   2.  CONTROL  DATA  FOR  THE  RUN
--------------------------------------------------------------------------------

ACE                                                                             

General flags:
     imin    =       0, nmropt  =       1

Nature and format of input:
     ntx     =       5, irest   =       1, ntrx    =       1

Nature and format of output:
     ntxo    =       2, ntpr    =    1000, ntrx    =       1, ntwr    =    1000
     iwrap   =       1, ntwx    =    1000, ntwv    =       0, ntwe    =       0
     ioutfm  =       1, ntwprt  =       0, idecomp =       0, rbornstat=      0

Potential function:
     ntf     =       2, ntb     =       1, igb     =       0, nsnb    =      25
     ipol    =       0, gbsa    =       0, iesp    =       0
     dielc   =   1.00000, cut     =   9.00000, intdiel =   1.00000

Frozen or restrained atoms:
     ibelly  =       0, ntr     =       0

Molecular dynamics:
     nstlim  =     10000, nscm    =      1000, nrespa  =         1
     t       =   0.00000, dt      =   0.00100, vlimit  =  20.00000

Langevin dynamics temperature regulation:
     ig      =   71277
     temp0   = 300.00000, tempi   =   0.00000, gamma_ln=   1.00000

SHAKE:
     ntc     =       2, jfastw  =       0
     tol     =   0.00001

NMR refinement options:
     iscale  =       0, noeskp  =       1, ipnlty  =       1, mxsub   =       1
     scalm   = 100.00000, pencut  =   0.10000, tausw   =   0.10000

Ewald parameters:
     verbose =       0, ew_type =       0, nbflag  =       1, use_pme =       1
     vdwmeth =       1, eedmeth =       1, netfrc  =       1
     Box X =   41.545   Box Y =   41.891   Box Z =   41.935
     Alpha =   90.000   Beta  =   90.000   Gamma =   90.000
     NFFT1 =   48       NFFT2 =   45       NFFT3 =   45
     Cutoff=    9.000   Tol   =0.100E-04
     Ewald Coefficient =  0.30768
     Interpolation order =    4
|  INFO: Old style inpcrd file read


--------------------------------------------------------------------------------
   3.  ATOMIC COORDINATES AND VELOCITIES
--------------------------------------------------------------------------------

ACE                                                                             
 begin time read from input coords =    30.000 ps



           Begin reading energy term weight changes/NMR restraints
 WEIGHT CHANGES:
 DUMPFREQ     10      0    0.000000    0.000000      0      0
                         ** No weight changes given **

 RESTRAINTS:
 Requested file redirections:
  DISANG    = cv2.rst
  DUMPAVE   = prod2.cv
 Restraints will be read from file: cv2.rst
Here are comments from the DISANG input file:

                       Number of restraints read =     1

                  Done reading weight changes/NMR restraints


 Number of triangulated 3-point waters found:     1747

     Sum of charges from parm topology file =  -0.00000000
     Forcing neutrality...

--------------------------------------------------------------------------------
   4.  RESULTS
--------------------------------------------------------------------------------

|  # of SOLUTE  degrees of freedom (RNDFP):   10590.
|  # of SOLVENT degrees of freedom (RNDFS):       0.
|  NDFMIN =   10590.     NUM_NOSHAKE =      0     CORRECTED RNDFP =   10590.
|  TOTAL # of degrees of freedom (RNDF) =   10590.
 ---------------------------------------------------
 APPROXIMATING switch and d/dx switch using CUBIC SPLINE INTERPOLATION
 using   5000.0 points per unit in tabled values
 TESTING RELATIVE ERROR over r ranging from 0.0 to cutoff
| CHECK switch(x): max rel err =   0.2738E-14   at   2.422500
| CHECK d/dx switch(x): max rel err =   0.8314E-11   at   2.736960
 ---------------------------------------------------
| Local SIZE OF NONBOND LIST =    1221999
| TOTAL SIZE OF NONBOND LIST =    1221999

 NSTEP =     1000   TIME(PS) =      31.000  TEMP(K) =   298.77  PRESS =     0.0
 Etot   =    -12993.1581  EKtot   =      3143.7026  EPtot      =    -16136.8607
 BOND   =         9.9991  ANGLE   =        18.1800  DIHED      =        12.3450
 1-4 NB =         4.6708  1-4 EEL =        89.7241  VDWAALS    =      2257.5907
 EELEC  =    -18530.9588  EHBOND  =         0.0000  RESTRAINT  =         0.6031
 EAMBER (non-restraint)  =    -16137.4638
 CMAP   =         0.9854
 Ewald error estimate:   0.1970E-03
 ------------------------------------------------------------------------------

 NMR restraints: Bond =    0.603   Angle =     0.000   Torsion =     0.000
===============================================================================

 NSTEP =     2000   TIME(PS) =      32.000  TEMP(K) =   297.71  PRESS =     0.0
 Etot   =    -13039.6078  EKtot   =      3132.5369  EPtot      =    -16172.1447
 BOND   =         7.6806  ANGLE   =        19.4293  DIHED      =         9.6526
 1-4 NB =         6.2443  1-4 EEL =        85.7704  VDWAALS    =      2375.9174
 EELEC  =    -18678.7491  EHBOND  =         0.0000  RESTRAINT  =         0.0004
 EAMBER (non-restraint)  =    -16172.1450
 CMAP   =         1.9095
 Ewald error estimate:   0.2116E-03
 ------------------------------------------------------------------------------

 NMR restraints: Bond =    0.000   Angle =     0.000   Torsion =     0.000
===============================================================================

 NSTEP =     3000   TIME(PS) =      33.000  TEMP(K) =   301.83  PRESS =     0.0
 Etot   =    -13077.4007  EKtot   =      3175.9512  EPtot      =    -16253.3518
 BOND   =         9.2740  ANGLE   =        14.4856  DIHED      =         9.6477
 1-4 NB =         5.6132  1-4 EEL =        90.7165  VDWAALS    =      2417.9913
 EELEC  =    -18802.1076  EHBOND  =         0.0000  RESTRAINT  =         0.0013
 EAMBER (non-restraint)  =    -16253.3532
 CMAP   =         1.0261
 Ewald error estimate:   0.8663E-04
 ------------------------------------------------------------------------------

 NMR restraints: Bond =    0.001   Angle =     0.000   Torsion =     0.000
===============================================================================

 NSTEP =     4000   TIME(PS) =      34.000  TEMP(K) =   302.04  PRESS =     0.0
 Etot   =    -13049.3473  EKtot   =      3178.0948  EPtot      =    -16227.4421
 BOND   =         4.4849  ANGLE   =        21.1151  DIHED      =        10.6535
 1-4 NB =         8.8668  1-4 EEL =       100.2545  VDWAALS    =      2428.3735
 EELEC  =    -18803.5249  EHBOND  =         0.0000  RESTRAINT  =         0.1601
 EAMBER (non-restraint)  =    -16227.6022
 CMAP   =         2.1743
 Ewald error estimate:   0.1840E-03
 ------------------------------------------------------------------------------

 NMR restraints: Bond =    0.160   Angle =     0.000   Torsion =     0.000
===============================================================================

 NSTEP =     5000   TIME(PS) =      35.000  TEMP(K) =   298.80  PRESS =     0.0
 Etot   =    -13089.4868  EKtot   =      3144.0035  EPtot      =    -16233.4903
 BOND   =         5.3313  ANGLE   =        15.2445  DIHED      =         8.8076
 1-4 NB =         4.8987  1-4 EEL =        92.2412  VDWAALS    =      2428.2561
 EELEC  =    -18790.4614  EHBOND  =         0.0000  RESTRAINT  =         0.0977
 EAMBER (non-restraint)  =    -16233.5880
 CMAP   =         2.0940
 Ewald error estimate:   0.7218E-04
 ------------------------------------------------------------------------------

 NMR restraints: Bond =    0.098   Angle =     0.000   Torsion =     0.000
===============================================================================

 NSTEP =     6000   TIME(PS) =      36.000  TEMP(K) =   294.43  PRESS =     0.0
 Etot   =    -13048.8791  EKtot   =      3098.0326  EPtot      =    -16146.9117
 BOND   =         8.1146  ANGLE   =        21.6763  DIHED      =        10.0873
 1-4 NB =         5.8988  1-4 EEL =        90.8061  VDWAALS    =      2378.3649
 EELEC  =    -18663.4327  EHBOND  =         0.0000  RESTRAINT  =         0.2501
 EAMBER (non-restraint)  =    -16147.1618
 CMAP   =         1.3230
 Ewald error estimate:   0.1141E-03
 ------------------------------------------------------------------------------

 NMR restraints: Bond =    0.250   Angle =     0.000   Torsion =     0.000
===============================================================================

 NSTEP =     7000   TIME(PS) =      37.000  TEMP(K) =   296.46  PRESS =     0.0
 Etot   =    -13028.5662  EKtot   =      3119.4074  EPtot      =    -16147.9736
 BOND   =         4.9635  ANGLE   =        13.7872  DIHED      =         9.5312
 1-4 NB =         6.0106  1-4 EEL =        93.7337  VDWAALS    =      2474.0181
 EELEC  =    -18751.3730  EHBOND  =         0.0000  RESTRAINT  =         0.0262
 EAMBER (non-restraint)  =    -16147.9998
 CMAP   =         1.3288
 Ewald error estimate:   0.9442E-04
 ------------------------------------------------------------------------------

 NMR restraints: Bond =    0.026   Angle =     0.000   Torsion =     0.000
===============================================================================

 NSTEP =     8000   TIME(PS) =      38.000  TEMP(K) =   304.89  PRESS =     0.0
 Etot   =    -13015.5513  EKtot   =      3208.0632  EPtot      =    -16223.6146
 BOND   =         4.2309  ANGLE   =        15.3697  DIHED      =         8.3541
 1-4 NB =         6.4460  1-4 EEL =        94.7455  VDWAALS    =      2367.5236
 EELEC  =    -18720.9091  EHBOND  =         0.0000  RESTRAINT  =         0.1181
 EAMBER (non-restraint)  =    -16223.7327
 CMAP   =         0.5066
 Ewald error estimate:   0.1448E-04
 ------------------------------------------------------------------------------

 NMR restraints: Bond =    0.118   Angle =     0.000   Torsion =     0.000
===============================================================================

 NSTEP =     9000   TIME(PS) =      39.000  TEMP(K) =   296.39  PRESS =     0.0
 Etot   =    -13169.6973  EKtot   =      3118.6357  EPtot      =    -16288.3330
 BOND   =         6.8658  ANGLE   =        14.7175  DIHED      =         7.4786
 1-4 NB =         7.6655  1-4 EEL =        94.6613  VDWAALS    =      2335.4447
 EELEC  =    -18755.7142  EHBOND  =         0.0000  RESTRAINT  =         0.3331
 EAMBER (non-restraint)  =    -16288.6660
 CMAP   =         0.2148
 Ewald error estimate:   0.1949E-03
 ------------------------------------------------------------------------------

 NMR restraints: Bond =    0.333   Angle =     0.000   Torsion =     0.000
===============================================================================

 NSTEP =    10000   TIME(PS) =      40.000  TEMP(K) =   298.58  PRESS =     0.0
 Etot   =    -13142.1911  EKtot   =      3141.6874  EPtot      =    -16283.8785
 BOND   =         2.0090  ANGLE   =        14.8485  DIHED      =         7.6973
 1-4 NB =         7.1546  1-4 EEL =        98.6573  VDWAALS    =      2416.5641
 EELEC  =    -18831.4831  EHBOND  =         0.0000  RESTRAINT  =         0.1523
 EAMBER (non-restraint)  =    -16284.0308
 CMAP   =         0.5214
 Ewald error estimate:   0.3567E-03
 ------------------------------------------------------------------------------

 NMR restraints: Bond =    0.152   Angle =     0.000   Torsion =     0.000
===============================================================================

      A V E R A G E S   O V E R   10000 S T E P S


 NSTEP =    10000   TIME(PS) =      40.000  TEMP(K) =   300.20  PRESS =     0.0
 Etot   =    -13048.0241  EKtot   =      3158.7844  EPtot      =    -16206.8085
 BOND   =         6.0363  ANGLE   =        17.4650  DIHED      =         9.8697
 1-4 NB =         6.2459  1-4 EEL =        93.6096  VDWAALS    =      2397.5940
 EELEC  =    -18740.5560  EHBOND  =         0.0000  RESTRAINT  =         1.7463
 EAMBER (non-restraint)  =    -16208.5549
 CMAP   =         1.1805
 Ewald error estimate:   0.1426E-03
 ------------------------------------------------------------------------------

 NMR restraints: Bond =    0.152   Angle =     0.000   Torsion =     0.000
===============================================================================

      R M S  F L U C T U A T I O N S


 NSTEP =    10000   TIME(PS) =      40.000  TEMP(K) =     4.18  PRESS =     0.0
 Etot   =        62.6854  EKtot   =        44.0187  EPtot      =        51.7301
 BOND   =         1.9727  ANGLE   =         3.0826  DIHED      =         1.8702
 1-4 NB =         1.0716  1-4 EEL =         3.1308  VDWAALS    =        57.6813
 EELEC  =        85.7983  EHBOND  =         0.0000  RESTRAINT  =        11.5832
 EAMBER (non-restraint)  =        40.1469
 CMAP   =         0.7812
 Ewald error estimate:   0.1034E-03
 ------------------------------------------------------------------------------


 NMR restraints on final step:


--------------------------------------------------------------------------------
   5.  TIMINGS
--------------------------------------------------------------------------------

|                Build the list            14.30 (99.40% of List )
|                Other                      0.09 ( 0.60% of List )
|             List time                 14.38 ( 5.26% of Nonbo)
|                   Short_ene time           208.38 (99.19% of Direc)
|                   Other                      1.70 ( 0.81% of Direc)
|                Direct Ewald time        210.08 (81.11% of Ewald)
|                Adjust Ewald time          0.96 ( 0.37% of Ewald)
|                   Fill Bspline coeffs        2.09 ( 4.38% of Recip)
|                   Fill charge grid           5.50 (11.52% of Recip)
|                   Scalar sum                 7.53 (15.76% of Recip)
|                   Grad sum                   9.17 (19.20% of Recip)
|                   FFT time                  23.46 (49.13% of Recip)
|                   Other                      0.00 ( 0.01% of Recip)
|                Recip Ewald time          47.75 (18.44% of Ewald)
|                Force Adjust               0.04 ( 0.02% of Ewald)
|                Virial junk                0.14 ( 0.06% of Ewald)
|                Other                      0.02 ( 0.01% of Ewald)
|             Ewald time               259.00 (94.74% of Nonbo)
|          Nonbond force            273.39 (99.89% of Force)
|          Bond/Angle/Dihedral        0.23 ( 0.08% of Force)
|          Other                      0.09 ( 0.03% of Force)
|       Force time               273.71 (93.27% of Runmd)
|       Shake time                 1.41 ( 0.48% of Runmd)
|       Verlet update time        18.28 ( 6.23% of Runmd)
|       Other                      0.06 ( 0.02% of Runmd)
|    Runmd Time               293.45 (100.0% of Total)
|    Other                      0.04 ( 0.01% of Total)
| Total time               293.49 (100.0% of ALL  )

| Number of list builds   :        498

| Highest rstack allocated:     355885
| Highest istack allocated:       5285

| Final Performance Info:
| -----------------------------------------------------
| Average timings for all steps:
|     Elapsed(s) =     293.45 Per Step(ms) =      29.35
|         ns/day =       2.94   seconds/ns =   29345.12
| -----------------------------------------------------

|           Job began  at 20:14:52.638  on 09/29/2023
|           Setup done at 20:14:52.681  on 09/29/2023
|           Run   done at 20:19:46.132  on 09/29/2023
|     wallclock() was called  441019 times

|3D-RISM memory allocation summary
|Type          Maximum        Current   
|Integer       0.00000 GB     0.00000 GB
|Real          0.00000 GB     0.00000 GB
|Logical       0.00000 GB     0.00000 GB
|Character     0.00000 GB     0.00000 GB
|---------------------------------------
|Total         0.00000 GB     0.00000 GB
