
          -------------------------------------------------------
          Amber 22 SANDER                              2022
          -------------------------------------------------------

| Run on 09/29/2023 at 20:19:46

|   Executable path: sander
| Working directory: /Users/van/website/CodingNotes/_static/md/distance
|          Hostname: Unknown
  [-O]verwriting output

File Assignments:
|  MDIN: prod3.in                                                              
| MDOUT: prod3.out                                                             
|INPCRD: prod2.ncrst                                                           
|  PARM: step3_pbcsetup.parm7                                                  
|RESTRT: prod3.ncrst                                                           
|  REFC: refc                                                                  
| MDVEL: mdvel                                                                 
| MDFRC: mdfrc                                                                 
|  MDEN: mden                                                                  
| MDCRD: prod3.nc                                                              
|MDINFO: prod3.mdinfo                                                          
|  MTMD: mtmd                                                                  
|INPDIP: inpdip                                                                
|RSTDIP: rstdip                                                                
|INPTRA: inptraj                                                               


 Here is the input file:

A NVT simulation for common production-level simulations                       
 &cntrl                                                                        
    imin=0,        ! No minimization                                           
    irest=1,       ! This IS a restart of an old MD simulation                 
    ntx=5,         ! So our inpcrd file has velocities                         
                                                                               
    ! Temperature control                                                      
    ntt=3,         ! Langevin dynamics                                         
    gamma_ln=1.0,  ! Friction coefficient (ps^-1)                              
    temp0=300,   ! Target temperature                                          
                                                                               
    ! Potential energy control                                                 
    cut=9.0,       ! nonbonded cutoff, in Angstroms                            
                                                                               
    ! MD settings                                                              
    nstlim=10000, ! 2 ns total                                                 
    dt=0.001,      ! time step (ps)                                            
                                                                               
    ! SHAKE                                                                    
    ntc=2,         ! Constrain bonds containing hydrogen                       
    ntf=2,         ! Do not calculate forces of bonds containing hydrogen      
                                                                               
    ! Control how often information is printed                                 
    ntpr=1000,     ! Print energies every 1000 steps                           
    ntwx=1000,    ! Print coordinates every 50000 steps to the trajectory      
    ntwr=1000,    ! Print a restart file every 10K steps (can be less frequent)
    ntxo=2,        ! Write NetCDF format                                       
    ioutfm=1,      ! Write NetCDF format (always do this!)                     
                                                                               
    ! Wrap coordinates when printing them to the same unit cell                
    iwrap=1,                                                                   
                                                                               
    ! Restraints                                                               
    nmropt=1,      ! Turn on restraints                                        
                                                                               
 /                                                                             
                                                                               
 &wt type='DUMPFREQ', istep1=10 /                                              
 &wt type='END' /                                                              
 DISANG=cv3.rst                                                                
 DUMPAVE=prod3.cv                                                              
                                                                               
 /                                                                             

--------------------------------------------------------------------------------
   1.  RESOURCE   USE: 
--------------------------------------------------------------------------------

| Flags:                                                                        
 getting box info from netcdf restart file
| NetCDF restart box info found
|Largest sphere to fit in unit cell has radius =    20.773
| New format PARM file being parsed.
| Version =    1.000 Date = 09/06/23 Time = 01:33:00
 NATOM  =    5285 NTYPES =       9 NBONH =    5265 MBONA  =      18
 NTHETH =      50 MTHETA =      22 NPHIH =      86 MPHIA  =      48
 NHPARM =       0 NPARM  =       0 NNB   =    7186 NRES   =    1753
 NBONA  =      18 NTHETA =      22 NPHIA =      48 NUMBND =      13
 NUMANG =      21 NPTRA  =      14 NATYP =      10 NPHB   =       0
 IFBOX  =       1 NMXRS  =      10 IFCAP =       0 NEXTRA =       0
 NCOPY  =       0

| CMAP information read from topology file: 

|     Memory Use     Allocated
|     Real              935227
|     Hollerith          17610
|     Integer           146552
|     Max Pairs        2344778
|     nblistReal         63420
|     nblist Int        246335
|       Total            18564 kbytes

| Note: 1-4 EEL scale factors are being read from the topology file.

| Note: 1-4 VDW scale factors are being read from the topology file.
| Duplicated    0 dihedrals
| Duplicated    0 dihedrals
|CMAP: Reticulating splines.

     BOX TYPE: RECTILINEAR

--------------------------------------------------------------------------------
   2.  CONTROL  DATA  FOR  THE  RUN
--------------------------------------------------------------------------------

ACE                                                                             

General flags:
     imin    =       0, nmropt  =       1

Nature and format of input:
     ntx     =       5, irest   =       1, ntrx    =       1

Nature and format of output:
     ntxo    =       2, ntpr    =    1000, ntrx    =       1, ntwr    =    1000
     iwrap   =       1, ntwx    =    1000, ntwv    =       0, ntwe    =       0
     ioutfm  =       1, ntwprt  =       0, idecomp =       0, rbornstat=      0

Potential function:
     ntf     =       2, ntb     =       1, igb     =       0, nsnb    =      25
     ipol    =       0, gbsa    =       0, iesp    =       0
     dielc   =   1.00000, cut     =   9.00000, intdiel =   1.00000

Frozen or restrained atoms:
     ibelly  =       0, ntr     =       0

Molecular dynamics:
     nstlim  =     10000, nscm    =      1000, nrespa  =         1
     t       =   0.00000, dt      =   0.00100, vlimit  =  20.00000

Langevin dynamics temperature regulation:
     ig      =   71277
     temp0   = 300.00000, tempi   =   0.00000, gamma_ln=   1.00000

SHAKE:
     ntc     =       2, jfastw  =       0
     tol     =   0.00001

NMR refinement options:
     iscale  =       0, noeskp  =       1, ipnlty  =       1, mxsub   =       1
     scalm   = 100.00000, pencut  =   0.10000, tausw   =   0.10000

Ewald parameters:
     verbose =       0, ew_type =       0, nbflag  =       1, use_pme =       1
     vdwmeth =       1, eedmeth =       1, netfrc  =       1
     Box X =   41.545   Box Y =   41.891   Box Z =   41.935
     Alpha =   90.000   Beta  =   90.000   Gamma =   90.000
     NFFT1 =   48       NFFT2 =   45       NFFT3 =   45
     Cutoff=    9.000   Tol   =0.100E-04
     Ewald Coefficient =  0.30768
     Interpolation order =    4
|  INFO: Old style inpcrd file read


--------------------------------------------------------------------------------
   3.  ATOMIC COORDINATES AND VELOCITIES
--------------------------------------------------------------------------------

ACE                                                                             
 begin time read from input coords =    40.000 ps



           Begin reading energy term weight changes/NMR restraints
 WEIGHT CHANGES:
 DUMPFREQ     10      0    0.000000    0.000000      0      0
                         ** No weight changes given **

 RESTRAINTS:
 Requested file redirections:
  DISANG    = cv3.rst
  DUMPAVE   = prod3.cv
 Restraints will be read from file: cv3.rst
Here are comments from the DISANG input file:

                       Number of restraints read =     1

                  Done reading weight changes/NMR restraints


 Number of triangulated 3-point waters found:     1747

     Sum of charges from parm topology file =  -0.00000000
     Forcing neutrality...

--------------------------------------------------------------------------------
   4.  RESULTS
--------------------------------------------------------------------------------

|  # of SOLUTE  degrees of freedom (RNDFP):   10590.
|  # of SOLVENT degrees of freedom (RNDFS):       0.
|  NDFMIN =   10590.     NUM_NOSHAKE =      0     CORRECTED RNDFP =   10590.
|  TOTAL # of degrees of freedom (RNDF) =   10590.
 ---------------------------------------------------
 APPROXIMATING switch and d/dx switch using CUBIC SPLINE INTERPOLATION
 using   5000.0 points per unit in tabled values
 TESTING RELATIVE ERROR over r ranging from 0.0 to cutoff
| CHECK switch(x): max rel err =   0.2738E-14   at   2.422500
| CHECK d/dx switch(x): max rel err =   0.8314E-11   at   2.736960
 ---------------------------------------------------
| Local SIZE OF NONBOND LIST =    1213294
| TOTAL SIZE OF NONBOND LIST =    1213294

 NSTEP =     1000   TIME(PS) =      41.000  TEMP(K) =   298.54  PRESS =     0.0
 Etot   =    -13087.0681  EKtot   =      3141.2520  EPtot      =    -16228.3200
 BOND   =         5.2959  ANGLE   =        12.5549  DIHED      =        11.2556
 1-4 NB =         6.6887  1-4 EEL =        91.6060  VDWAALS    =      2403.8299
 EELEC  =    -18760.7039  EHBOND  =         0.0000  RESTRAINT  =         0.7744
 EAMBER (non-restraint)  =    -16229.0944
 CMAP   =         0.3784
 Ewald error estimate:   0.1966E-03
 ------------------------------------------------------------------------------

 NMR restraints: Bond =    0.774   Angle =     0.000   Torsion =     0.000
===============================================================================

 NSTEP =     2000   TIME(PS) =      42.000  TEMP(K) =   297.60  PRESS =     0.0
 Etot   =    -13056.8806  EKtot   =      3131.4473  EPtot      =    -16188.3279
 BOND   =         5.2082  ANGLE   =        22.4169  DIHED      =        10.0450
 1-4 NB =         4.8096  1-4 EEL =        90.3124  VDWAALS    =      2313.1081
 EELEC  =    -18635.7101  EHBOND  =         0.0000  RESTRAINT  =         0.2321
 EAMBER (non-restraint)  =    -16188.5600
 CMAP   =         1.2498
 Ewald error estimate:   0.4868E-04
 ------------------------------------------------------------------------------

 NMR restraints: Bond =    0.232   Angle =     0.000   Torsion =     0.000
===============================================================================

 NSTEP =     3000   TIME(PS) =      43.000  TEMP(K) =   298.28  PRESS =     0.0
 Etot   =    -13038.0759  EKtot   =      3138.6054  EPtot      =    -16176.6814
 BOND   =         6.4190  ANGLE   =        19.4613  DIHED      =        10.1695
 1-4 NB =         6.5830  1-4 EEL =        93.6831  VDWAALS    =      2336.9695
 EELEC  =    -18649.0098  EHBOND  =         0.0000  RESTRAINT  =         0.0930
 EAMBER (non-restraint)  =    -16176.7744
 CMAP   =        -1.0500
 Ewald error estimate:   0.1393E-03
 ------------------------------------------------------------------------------

 NMR restraints: Bond =    0.093   Angle =     0.000   Torsion =     0.000
===============================================================================

 NSTEP =     4000   TIME(PS) =      44.000  TEMP(K) =   304.50  PRESS =     0.0
 Etot   =    -13000.5476  EKtot   =      3204.0208  EPtot      =    -16204.5684
 BOND   =         9.3653  ANGLE   =        17.6395  DIHED      =         9.2518
 1-4 NB =         8.5937  1-4 EEL =        91.1850  VDWAALS    =      2318.7460
 EELEC  =    -18660.0140  EHBOND  =         0.0000  RESTRAINT  =         0.1370
 EAMBER (non-restraint)  =    -16204.7054
 CMAP   =         0.5273
 Ewald error estimate:   0.3191E-03
 ------------------------------------------------------------------------------

 NMR restraints: Bond =    0.137   Angle =     0.000   Torsion =     0.000
===============================================================================

 NSTEP =     5000   TIME(PS) =      45.000  TEMP(K) =   301.21  PRESS =     0.0
 Etot   =    -13146.0731  EKtot   =      3169.3741  EPtot      =    -16315.4472
 BOND   =         3.6336  ANGLE   =        16.0618  DIHED      =        10.1457
 1-4 NB =         7.5782  1-4 EEL =        97.2318  VDWAALS    =      2458.3815
 EELEC  =    -18909.6521  EHBOND  =         0.0000  RESTRAINT  =         0.3115
 EAMBER (non-restraint)  =    -16315.7587
 CMAP   =         0.8609
 Ewald error estimate:   0.3905E-04
 ------------------------------------------------------------------------------

 NMR restraints: Bond =    0.311   Angle =     0.000   Torsion =     0.000
===============================================================================

 NSTEP =     6000   TIME(PS) =      46.000  TEMP(K) =   302.30  PRESS =     0.0
 Etot   =    -13110.8930  EKtot   =      3180.8355  EPtot      =    -16291.7285
 BOND   =         7.9762  ANGLE   =        16.2539  DIHED      =         8.4294
 1-4 NB =         7.5542  1-4 EEL =        90.1613  VDWAALS    =      2384.8273
 EELEC  =    -18809.6100  EHBOND  =         0.0000  RESTRAINT  =         1.1614
 EAMBER (non-restraint)  =    -16292.8899
 CMAP   =         1.5178
 Ewald error estimate:   0.7365E-04
 ------------------------------------------------------------------------------

 NMR restraints: Bond =    1.161   Angle =     0.000   Torsion =     0.000
===============================================================================

 NSTEP =     7000   TIME(PS) =      47.000  TEMP(K) =   296.94  PRESS =     0.0
 Etot   =    -13077.5536  EKtot   =      3124.4203  EPtot      =    -16201.9739
 BOND   =         9.7410  ANGLE   =        17.4774  DIHED      =         8.9632
 1-4 NB =         6.1853  1-4 EEL =        93.4439  VDWAALS    =      2348.7546
 EELEC  =    -18686.5326  EHBOND  =         0.0000  RESTRAINT  =         0.0023
 EAMBER (non-restraint)  =    -16201.9763
 CMAP   =        -0.0091
 Ewald error estimate:   0.1332E-04
 ------------------------------------------------------------------------------

 NMR restraints: Bond =    0.002   Angle =     0.000   Torsion =     0.000
===============================================================================

 NSTEP =     8000   TIME(PS) =      48.000  TEMP(K) =   295.25  PRESS =     0.0
 Etot   =    -13187.3213  EKtot   =      3106.7190  EPtot      =    -16294.0403
 BOND   =         8.0521  ANGLE   =        14.6227  DIHED      =         8.3033
 1-4 NB =         6.6329  1-4 EEL =        94.5588  VDWAALS    =      2446.1227
 EELEC  =    -18873.9546  EHBOND  =         0.0000  RESTRAINT  =         0.1776
 EAMBER (non-restraint)  =    -16294.2179
 CMAP   =         1.4440
 Ewald error estimate:   0.6007E-04
 ------------------------------------------------------------------------------

 NMR restraints: Bond =    0.178   Angle =     0.000   Torsion =     0.000
===============================================================================

 NSTEP =     9000   TIME(PS) =      49.000  TEMP(K) =   291.04  PRESS =     0.0
 Etot   =    -13172.4645  EKtot   =      3062.3475  EPtot      =    -16234.8121
 BOND   =         5.9825  ANGLE   =        15.5197  DIHED      =         9.1873
 1-4 NB =         6.1138  1-4 EEL =        95.3193  VDWAALS    =      2405.0318
 EELEC  =    -18772.7581  EHBOND  =         0.0000  RESTRAINT  =         0.1763
 EAMBER (non-restraint)  =    -16234.9884
 CMAP   =         0.6154
 Ewald error estimate:   0.1228E-03
 ------------------------------------------------------------------------------

 NMR restraints: Bond =    0.176   Angle =     0.000   Torsion =     0.000
===============================================================================

 NSTEP =    10000   TIME(PS) =      50.000  TEMP(K) =   293.98  PRESS =     0.0
 Etot   =    -13114.4211  EKtot   =      3093.2719  EPtot      =    -16207.6930
 BOND   =         7.8396  ANGLE   =        18.8015  DIHED      =         9.4302
 1-4 NB =         4.8126  1-4 EEL =        93.6423  VDWAALS    =      2404.5266
 EELEC  =    -18747.5727  EHBOND  =         0.0000  RESTRAINT  =         0.0012
 EAMBER (non-restraint)  =    -16207.6942
 CMAP   =         0.8258
 Ewald error estimate:   0.1394E-03
 ------------------------------------------------------------------------------

 NMR restraints: Bond =    0.001   Angle =     0.000   Torsion =     0.000
===============================================================================

      A V E R A G E S   O V E R   10000 S T E P S


 NSTEP =    10000   TIME(PS) =      50.000  TEMP(K) =   298.43  PRESS =     0.0
 Etot   =    -13093.9990  EKtot   =      3140.1277  EPtot      =    -16234.1268
 BOND   =         6.1260  ANGLE   =        17.7561  DIHED      =         9.2467
 1-4 NB =         6.3079  1-4 EEL =        92.6549  VDWAALS    =      2394.1654
 EELEC  =    -18761.8315  EHBOND  =         0.0000  RESTRAINT  =         1.1985
 EAMBER (non-restraint)  =    -16235.3252
 CMAP   =         0.2492
 Ewald error estimate:   0.1323E-03
 ------------------------------------------------------------------------------

 NMR restraints: Bond =    0.001   Angle =     0.000   Torsion =     0.000
===============================================================================

      R M S  F L U C T U A T I O N S


 NSTEP =    10000   TIME(PS) =      50.000  TEMP(K) =     3.65  PRESS =     0.0
 Etot   =        48.5236  EKtot   =        38.3643  EPtot      =        47.3359
 BOND   =         2.0204  ANGLE   =         3.1019  DIHED      =         1.4245
 1-4 NB =         1.0949  1-4 EEL =         2.9580  VDWAALS    =        60.8603
 EELEC  =        84.7620  EHBOND  =         0.0000  RESTRAINT  =         6.9539
 EAMBER (non-restraint)  =        40.3820
 CMAP   =         0.6819
 Ewald error estimate:   0.9719E-04
 ------------------------------------------------------------------------------


 NMR restraints on final step:


--------------------------------------------------------------------------------
   5.  TIMINGS
--------------------------------------------------------------------------------

|                Build the list            14.32 (99.39% of List )
|                Other                      0.09 ( 0.61% of List )
|             List time                 14.41 ( 5.25% of Nonbo)
|                   Short_ene time           209.23 (99.18% of Direc)
|                   Other                      1.73 ( 0.82% of Direc)
|                Direct Ewald time        210.96 (81.13% of Ewald)
|                Adjust Ewald time          0.96 ( 0.37% of Ewald)
|                   Fill Bspline coeffs        2.12 ( 4.42% of Recip)
|                   Fill charge grid           5.53 (11.54% of Recip)
|                   Scalar sum                 7.54 (15.74% of Recip)
|                   Grad sum                   9.18 (19.17% of Recip)
|                   FFT time                  23.53 (49.12% of Recip)
|                   Other                      0.00 ( 0.01% of Recip)
|                Recip Ewald time          47.90 (18.42% of Ewald)
|                Force Adjust               0.05 ( 0.02% of Ewald)
|                Virial junk                0.15 ( 0.06% of Ewald)
|                Other                      0.02 ( 0.01% of Ewald)
|             Ewald time               260.04 (94.75% of Nonbo)
|          Nonbond force            274.45 (99.88% of Force)
|          Bond/Angle/Dihedral        0.23 ( 0.09% of Force)
|          Other                      0.09 ( 0.03% of Force)
|       Force time               274.78 (93.39% of Runmd)
|       Shake time                 1.42 ( 0.48% of Runmd)
|       Verlet update time        17.97 ( 6.11% of Runmd)
|       Other                      0.06 ( 0.02% of Runmd)
|    Runmd Time               294.23 (100.0% of Total)
|    Other                      0.04 ( 0.01% of Total)
| Total time               294.27 (100.0% of ALL  )

| Number of list builds   :        500

| Highest rstack allocated:     355885
| Highest istack allocated:       5285

| Final Performance Info:
| -----------------------------------------------------
| Average timings for all steps:
|     Elapsed(s) =     294.23 Per Step(ms) =      29.42
|         ns/day =       2.94   seconds/ns =   29422.63
| -----------------------------------------------------

|           Job began  at 20:19:46.214  on 09/29/2023
|           Setup done at 20:19:46.257  on 09/29/2023
|           Run   done at 20:24:40.483  on 09/29/2023
|     wallclock() was called  441023 times

|3D-RISM memory allocation summary
|Type          Maximum        Current   
|Integer       0.00000 GB     0.00000 GB
|Real          0.00000 GB     0.00000 GB
|Logical       0.00000 GB     0.00000 GB
|Character     0.00000 GB     0.00000 GB
|---------------------------------------
|Total         0.00000 GB     0.00000 GB
