
          -------------------------------------------------------
          Amber 22 SANDER                              2022
          -------------------------------------------------------

| Run on 09/29/2023 at 19:59:49

|   Executable path: sander
| Working directory: /Users/van/website/CodingNotes/_static/md/distance
|          Hostname: Unknown
  [-O]verwriting output

File Assignments:
|  MDIN: min.in                                                                
| MDOUT: min.out                                                               
|INPCRD: step3_pbcsetup.rst7                                                   
|  PARM: step3_pbcsetup.parm7                                                  
|RESTRT: min.ncrst                                                             
|  REFC: refc                                                                  
| MDVEL: mdvel                                                                 
| MDFRC: mdfrc                                                                 
|  MDEN: mden                                                                  
| MDCRD: mdcrd                                                                 
|MDINFO: min.mdinfo                                                            
|  MTMD: mtmd                                                                  
|INPDIP: inpdip                                                                
|RSTDIP: rstdip                                                                
|INPTRA: inptraj                                                               


 Here is the input file:

Minimize                                                                       
 &cntrl                                                                        
  imin=1                                                                       
  ntx=1,                                                                       
  irest=0,                                                                     
  maxcyc=2000,                                                                 
  ncyc=1000,                                                                   
  ntpr=100,                                                                    
  ntwx=0,                                                                      
  cut=8.0,                                                                     
 /                                                                             

--------------------------------------------------------------------------------
   1.  RESOURCE   USE: 
--------------------------------------------------------------------------------

| Flags:                                                                        
 getting new box info from bottom of inpcrd
|  INFO: Old style inpcrd file read

| peek_ewald_inpcrd: Box info found
|Largest sphere to fit in unit cell has radius =    20.773
| New format PARM file being parsed.
| Version =    1.000 Date = 09/06/23 Time = 01:33:00
 NATOM  =    5285 NTYPES =       9 NBONH =    5265 MBONA  =      18
 NTHETH =      50 MTHETA =      22 NPHIH =      86 MPHIA  =      48
 NHPARM =       0 NPARM  =       0 NNB   =    7186 NRES   =    1753
 NBONA  =      18 NTHETA =      22 NPHIA =      48 NUMBND =      13
 NUMANG =      21 NPTRA  =      14 NATYP =      10 NPHB   =       0
 IFBOX  =       1 NMXRS  =      10 IFCAP =       0 NEXTRA =       0
 NCOPY  =       0

| CMAP information read from topology file: 

|     Memory Use     Allocated
|     Real             1199193
|     Hollerith          17610
|     Integer           146470
|     Max Pairs        1761666
|     nblistReal         63420
|     nblist Int        284126
|       Total            18496 kbytes

| Note: 1-4 EEL scale factors are being read from the topology file.

| Note: 1-4 VDW scale factors are being read from the topology file.
| Duplicated    0 dihedrals
| Duplicated    0 dihedrals
|CMAP: Reticulating splines.

     BOX TYPE: RECTILINEAR

--------------------------------------------------------------------------------
   2.  CONTROL  DATA  FOR  THE  RUN
--------------------------------------------------------------------------------

ACE                                                                             

General flags:
     imin    =       1, nmropt  =       0

Nature and format of input:
     ntx     =       1, irest   =       0, ntrx    =       1

Nature and format of output:
     ntxo    =       2, ntpr    =     100, ntrx    =       1, ntwr    =       1
     iwrap   =       0, ntwx    =       0, ntwv    =       0, ntwe    =       0
     ioutfm  =       1, ntwprt  =       0, idecomp =       0, rbornstat=      0

Potential function:
     ntf     =       1, ntb     =       1, igb     =       0, nsnb    =      25
     ipol    =       0, gbsa    =       0, iesp    =       0
     dielc   =   1.00000, cut     =   8.00000, intdiel =   1.00000

Frozen or restrained atoms:
     ibelly  =       0, ntr     =       0

Energy minimization:
     maxcyc  =    2000, ncyc    =    1000, ntmin   =       1
     dx0     =   0.01000, drms    =   0.00010

Ewald parameters:
     verbose =       0, ew_type =       0, nbflag  =       1, use_pme =       1
     vdwmeth =       1, eedmeth =       1, netfrc  =       0
     Box X =   41.545   Box Y =   41.891   Box Z =   41.935
     Alpha =   90.000   Beta  =   90.000   Gamma =   90.000
     NFFT1 =   48       NFFT2 =   45       NFFT3 =   45
     Cutoff=    8.000   Tol   =0.100E-04
     Ewald Coefficient =  0.34864
     Interpolation order =    4

--------------------------------------------------------------------------------
   3.  ATOMIC COORDINATES AND VELOCITIES
--------------------------------------------------------------------------------

ACE                                                                             
 begin time read from input coords =     0.000 ps

 Number of triangulated 3-point waters found:     1747

     Sum of charges from parm topology file =  -0.00000000
     Forcing neutrality...

--------------------------------------------------------------------------------
   4.  RESULTS
--------------------------------------------------------------------------------

 ---------------------------------------------------
 APPROXIMATING switch and d/dx switch using CUBIC SPLINE INTERPOLATION
 using   5000.0 points per unit in tabled values
 TESTING RELATIVE ERROR over r ranging from 0.0 to cutoff
| CHECK switch(x): max rel err =   0.2738E-14   at   2.422500
| CHECK d/dx switch(x): max rel err =   0.8332E-11   at   2.782960
 ---------------------------------------------------
| Local SIZE OF NONBOND LIST =     849100
| TOTAL SIZE OF NONBOND LIST =     849100


   NSTEP       ENERGY          RMS            GMAX         NAME    NUMBER
      1      -9.1862E+03     7.1612E+02     5.5380E+04     H3         26

 BOND    =        0.1255  ANGLE   =        0.7240  DIHED      =        4.7806
 VDWAALS =     7241.8557  EEL     =   -16540.8069  HBOND      =        0.0000
 1-4 VDW =       10.0314  1-4 EEL =       97.8709  RESTRAINT  =        0.0000
 CMAP    =       -0.8098


   NSTEP       ENERGY          RMS            GMAX         NAME    NUMBER
    100      -1.8111E+04     9.9605E-01     4.0660E+00     H1       4546

 BOND    =     1062.6690  ANGLE   =        2.9112  DIHED      =        5.9680
 VDWAALS =     1909.6754  EEL     =   -21189.1309  HBOND      =        0.0000
 1-4 VDW =        6.1109  1-4 EEL =       92.1176  RESTRAINT  =        0.0000
 CMAP    =       -1.0017


   NSTEP       ENERGY          RMS            GMAX         NAME    NUMBER
    200      -1.8739E+04     6.3085E-01     3.4774E+00     O        5145

 BOND    =     1128.8452  ANGLE   =        2.6011  DIHED      =        5.7984
 VDWAALS =     2236.6764  EEL     =   -22210.5864  HBOND      =        0.0000
 1-4 VDW =        6.0686  1-4 EEL =       92.5365  RESTRAINT  =        0.0000
 CMAP    =       -1.0880


   NSTEP       ENERGY          RMS            GMAX         NAME    NUMBER
    300      -1.9123E+04     5.2487E-01     3.5635E+00     O        4638

 BOND    =     1213.0108  ANGLE   =        2.5677  DIHED      =        5.6036
 VDWAALS =     2522.5804  EEL     =   -22964.1979  HBOND      =        0.0000
 1-4 VDW =        6.0427  1-4 EEL =       92.8545  RESTRAINT  =        0.0000
 CMAP    =       -1.2171


   NSTEP       ENERGY          RMS            GMAX         NAME    NUMBER
    400      -1.9396E+04     4.4743E-01     3.4086E+00     H2        644

 BOND    =     1256.4270  ANGLE   =        2.6532  DIHED      =        5.4622
 VDWAALS =     2772.2179  EEL     =   -23530.6530  HBOND      =        0.0000
 1-4 VDW =        5.9889  1-4 EEL =       93.0286  RESTRAINT  =        0.0000
 CMAP    =       -1.4372


   NSTEP       ENERGY          RMS            GMAX         NAME    NUMBER
    500      -1.9600E+04     3.9439E-01     4.1894E+00     C          27

 BOND    =     1309.9840  ANGLE   =        2.7780  DIHED      =        5.3662
 VDWAALS =     2975.4936  EEL     =   -23991.0313  HBOND      =        0.0000
 1-4 VDW =        5.9278  1-4 EEL =       93.1496  RESTRAINT  =        0.0000
 CMAP    =       -1.5993


   NSTEP       ENERGY          RMS            GMAX         NAME    NUMBER
    600      -1.9771E+04     4.8340E-01     1.7009E+01     C          37

 BOND    =     1332.5279  ANGLE   =        2.9721  DIHED      =        5.3159
 VDWAALS =     3140.0906  EEL     =   -24348.9097  HBOND      =        0.0000
 1-4 VDW =        5.9046  1-4 EEL =       93.2150  RESTRAINT  =        0.0000
 CMAP    =       -1.6973


   NSTEP       ENERGY          RMS            GMAX         NAME    NUMBER
    700      -1.9917E+04     1.3155E+00     7.5884E+01     C          37

 BOND    =     1354.9196  ANGLE   =        3.7541  DIHED      =        5.3163
 VDWAALS =     3277.8155  EEL     =   -24656.1416  HBOND      =        0.0000
 1-4 VDW =        5.9325  1-4 EEL =       93.2029  RESTRAINT  =        0.0000
 CMAP    =       -1.7657


   NSTEP       ENERGY          RMS            GMAX         NAME    NUMBER
    800      -2.0052E+04     3.4312E-01     9.7437E+00     C          37

 BOND    =     1399.5075  ANGLE   =        3.3247  DIHED      =        5.3187
 VDWAALS =     3404.6147  EEL     =   -24961.7322  HBOND      =        0.0000
 1-4 VDW =        5.8385  1-4 EEL =       93.4131  RESTRAINT  =        0.0000
 CMAP    =       -1.8144


   NSTEP       ENERGY          RMS            GMAX         NAME    NUMBER
    900      -2.0158E+04     9.6354E-01     5.9354E+01     C          37

 BOND    =     1424.1901  ANGLE   =        3.8434  DIHED      =        5.3451
 VDWAALS =     3520.8588  EEL     =   -25209.4336  HBOND      =        0.0000
 1-4 VDW =        5.8855  1-4 EEL =       93.4386  RESTRAINT  =        0.0000
 CMAP    =       -1.8403


   NSTEP       ENERGY          RMS            GMAX         NAME    NUMBER
   1000      -2.0249E+04     8.3641E-01     5.1088E+01     C          37

 BOND    =     1450.6151  ANGLE   =        3.4880  DIHED      =        5.3368
 VDWAALS =     3622.9671  EEL     =   -25428.9195  HBOND      =        0.0000
 1-4 VDW =        5.7822  1-4 EEL =       93.7511  RESTRAINT  =        0.0000
 CMAP    =       -1.8523


   NSTEP       ENERGY          RMS            GMAX         NAME    NUMBER
   1100      -2.0685E+04     4.7780E-01     1.5095E+01     CH3        24

 BOND    =     1563.5987  ANGLE   =        3.5282  DIHED      =        5.2983
 VDWAALS =     4137.2236  EEL     =   -26491.8159  HBOND      =        0.0000
 1-4 VDW =        5.6657  1-4 EEL =       93.3032  RESTRAINT  =        0.0000
 CMAP    =       -1.9608


   NSTEP       ENERGY          RMS            GMAX         NAME    NUMBER
   1200      -2.0853E+04     4.6863E-01     1.7399E+01     CH3        24

 BOND    =     1590.3926  ANGLE   =        3.6242  DIHED      =        5.3140
 VDWAALS =     4270.7936  EEL     =   -26819.3549  HBOND      =        0.0000
 1-4 VDW =        5.7515  1-4 EEL =       93.0252  RESTRAINT  =        0.0000
 CMAP    =       -2.1562


   NSTEP       ENERGY          RMS            GMAX         NAME    NUMBER
   1300      -2.1008E+04     1.2241E+00     2.9172E+01     N          29

 BOND    =     1636.0641  ANGLE   =        4.4492  DIHED      =        5.7311
 VDWAALS =     4417.8473  EEL     =   -27169.1236  HBOND      =        0.0000
 1-4 VDW =        6.0073  1-4 EEL =       92.9570  RESTRAINT  =        0.0000
 CMAP    =       -2.2610


   NSTEP       ENERGY          RMS            GMAX         NAME    NUMBER
   1400      -2.1152E+04     6.1636E-01     2.4852E+01     N          29

 BOND    =     1654.5198  ANGLE   =        3.7941  DIHED      =        5.4252
 VDWAALS =     4528.6526  EEL     =   -27440.4239  HBOND      =        0.0000
 1-4 VDW =        5.8935  1-4 EEL =       92.7560  RESTRAINT  =        0.0000
 CMAP    =       -2.2506


   NSTEP       ENERGY          RMS            GMAX         NAME    NUMBER
   1500      -2.1232E+04     4.5980E-01     1.2685E+01     O          38

 BOND    =     1669.9733  ANGLE   =        4.3934  DIHED      =        5.4058
 VDWAALS =     4576.4796  EEL     =   -27584.8037  HBOND      =        0.0000
 1-4 VDW =        5.8478  1-4 EEL =       92.8834  RESTRAINT  =        0.0000
 CMAP    =       -2.2033


   NSTEP       ENERGY          RMS            GMAX         NAME    NUMBER
   1600      -2.1295E+04     5.3902E-01     1.7008E+01     N          29

 BOND    =     1682.3485  ANGLE   =        4.0877  DIHED      =        5.3929
 VDWAALS =     4626.1043  EEL     =   -27709.5347  HBOND      =        0.0000
 1-4 VDW =        5.8064  1-4 EEL =       92.8967  RESTRAINT  =        0.0000
 CMAP    =       -2.1315


   NSTEP       ENERGY          RMS            GMAX         NAME    NUMBER
   1700      -2.1350E+04     5.7196E-01     1.7692E+01     O          38

 BOND    =     1693.8703  ANGLE   =        3.8815  DIHED      =        5.3997
 VDWAALS =     4673.0293  EEL     =   -27822.8963  HBOND      =        0.0000
 1-4 VDW =        5.7686  1-4 EEL =       92.9007  RESTRAINT  =        0.0000
 CMAP    =       -2.0654


   NSTEP       ENERGY          RMS            GMAX         NAME    NUMBER
   1800      -2.1392E+04     4.0357E-01     1.2934E+01     CH3        24

 BOND    =     1699.6706  ANGLE   =        3.6722  DIHED      =        5.3968
 VDWAALS =     4719.7454  EEL     =   -27916.5507  HBOND      =        0.0000
 1-4 VDW =        5.6933  1-4 EEL =       92.8301  RESTRAINT  =        0.0000
 CMAP    =       -2.0001


   NSTEP       ENERGY          RMS            GMAX         NAME    NUMBER
   1900      -2.1426E+04     4.3997E-01     1.6815E+01     CH3        24

 BOND    =     1707.9792  ANGLE   =        3.3365  DIHED      =        5.3814
 VDWAALS =     4758.7597  EEL     =   -27998.2487  HBOND      =        0.0000
 1-4 VDW =        5.6362  1-4 EEL =       92.7446  RESTRAINT  =        0.0000
 CMAP    =       -1.9209


   NSTEP       ENERGY          RMS            GMAX         NAME    NUMBER
   2000      -2.1458E+04     3.9686E-01     1.2353E+01     CH3        24

 BOND    =     1715.3043  ANGLE   =        3.4209  DIHED      =        5.3904
 VDWAALS =     4798.9349  EEL     =   -28076.9067  HBOND      =        0.0000
 1-4 VDW =        5.6308  1-4 EEL =       92.4913  RESTRAINT  =        0.0000
 CMAP    =       -1.8718


  Maximum number of minimization cycles reached.


                    FINAL RESULTS



   NSTEP       ENERGY          RMS            GMAX         NAME    NUMBER
   2000      -2.1458E+04     3.9686E-01     1.2353E+01     CH3        24

 BOND    =     1715.3043  ANGLE   =        3.4209  DIHED      =        5.3904
 VDWAALS =     4798.9349  EEL     =   -28076.9067  HBOND      =        0.0000
 1-4 VDW =        5.6308  1-4 EEL =       92.4913  RESTRAINT  =        0.0000
 CMAP    =       -1.8718

--------------------------------------------------------------------------------
   5.  TIMINGS
--------------------------------------------------------------------------------

|    Read coords time           0.00 ( 0.01% of Total)
|                Build the list             0.21 (89.34% of List )
|                Other                      0.03 (10.66% of List )
|             List time                  0.24 ( 0.60% of Nonbo)
|                   Short_ene time            29.24 (98.93% of Direc)
|                   Other                      0.32 ( 1.07% of Direc)
|                Direct Ewald time         29.56 (75.22% of Ewald)
|                Adjust Ewald time          0.19 ( 0.49% of Ewald)
|                   Fill Bspline coeffs        0.40 ( 4.19% of Recip)
|                   Fill charge grid           1.06 (11.17% of Recip)
|                   Scalar sum                 1.51 (15.92% of Recip)
|                   Grad sum                   1.82 (19.14% of Recip)
|                   FFT time                   4.71 (49.57% of Recip)
|                   Other                      0.00 ( 0.01% of Recip)
|                Recip Ewald time           9.51 (24.20% of Ewald)
|                Virial junk                0.03 ( 0.07% of Ewald)
|                Other                      0.00 ( 0.01% of Ewald)
|             Ewald time                39.30 (99.40% of Nonbo)
|          Nonbond force             39.54 (99.60% of Force)
|          Bond/Angle/Dihedral        0.15 ( 0.37% of Force)
|          Other                      0.01 ( 0.02% of Force)
|       Force time                39.69 (100.0% of Runmd)
|    Runmd Time                39.69 (98.66% of Total)
|    Other                      0.54 ( 1.33% of Total)
| Total time                40.23 (100.0% of ALL  )

| Number of list builds   :          9

| Highest rstack allocated:     355885
| Highest istack allocated:       5285
|           Job began  at 19:59:49.266  on 09/29/2023
|           Setup done at 19:59:49.310  on 09/29/2023
|           Run   done at 20:00:29.500  on 09/29/2023
|     wallclock() was called   76066 times

|3D-RISM memory allocation summary
|Type          Maximum        Current   
|Integer       0.00000 GB     0.00000 GB
|Real          0.00000 GB     0.00000 GB
|Logical       0.00000 GB     0.00000 GB
|Character     0.00000 GB     0.00000 GB
|---------------------------------------
|Total         0.00000 GB     0.00000 GB
