
          -------------------------------------------------------
          Amber 22 SANDER                              2022
          -------------------------------------------------------

| Run on 09/25/2023 at 17:55:29

|   Executable path: sander
| Working directory: /Users/van/website/CodingNotes/_static/md/distance
|          Hostname: Unknown
  [-O]verwriting output

File Assignments:
|  MDIN: prod1.in                                                              
| MDOUT: prod1.out                                                             
|INPCRD: prod0.ncrst                                                           
|  PARM: step3_pbcsetup.parm7                                                  
|RESTRT: prod1.ncrst                                                           
|  REFC: refc                                                                  
| MDVEL: mdvel                                                                 
| MDFRC: mdfrc                                                                 
|  MDEN: mden                                                                  
| MDCRD: prod1.nc                                                              
|MDINFO: prod1.mdinfo                                                          
|  MTMD: mtmd                                                                  
|INPDIP: inpdip                                                                
|RSTDIP: rstdip                                                                
|INPTRA: inptraj                                                               


 Here is the input file:

A NVT simulation for common production-level simulations                       
 &cntrl                                                                        
    imin=0,        ! No minimization                                           
    irest=1,       ! This IS a restart of an old MD simulation                 
    ntx=5,         ! So our inpcrd file has velocities                         
                                                                               
    ! Temperature control                                                      
    ntt=3,         ! Langevin dynamics                                         
    gamma_ln=1.0,  ! Friction coefficient (ps^-1)                              
    temp0=300,   ! Target temperature                                          
                                                                               
    ! Potential energy control                                                 
    cut=9.0,       ! nonbonded cutoff, in Angstroms                            
                                                                               
    ! MD settings                                                              
    nstlim=10000, ! 2 ns total                                                 
    dt=0.001,      ! time step (ps)                                            
                                                                               
    ! SHAKE                                                                    
    ntc=2,         ! Constrain bonds containing hydrogen                       
    ntf=2,         ! Do not calculate forces of bonds containing hydrogen      
                                                                               
    ! Control how often information is printed                                 
    ntpr=1000,     ! Print energies every 1000 steps                           
    ntwx=1000,    ! Print coordinates every 50000 steps to the trajectory      
    ntwr=1000,    ! Print a restart file every 10K steps (can be less frequent)
    ntxo=2,        ! Write NetCDF format                                       
    ioutfm=1,      ! Write NetCDF format (always do this!)                     
                                                                               
    ! Wrap coordinates when printing them to the same unit cell                
    iwrap=1,                                                                   
                                                                               
    ! Restraints                                                               
    nmropt=1,      ! Turn on restraints                                        
                                                                               
 /                                                                             
                                                                               
 &wt type='DUMPFREQ', istep1=10 /                                              
 &wt type='END' /                                                              
 DISANG=cv1.rst                                                                
 DUMPAVE=prod1.cv                                                              
                                                                               
 /                                                                             

--------------------------------------------------------------------------------
   1.  RESOURCE   USE: 
--------------------------------------------------------------------------------

| Flags:                                                                        
 getting box info from netcdf restart file
| NetCDF restart box info found
|Largest sphere to fit in unit cell has radius =    20.773
| New format PARM file being parsed.
| Version =    1.000 Date = 09/06/23 Time = 01:33:00
 NATOM  =    5285 NTYPES =       9 NBONH =    5265 MBONA  =      18
 NTHETH =      50 MTHETA =      22 NPHIH =      86 MPHIA  =      48
 NHPARM =       0 NPARM  =       0 NNB   =    7186 NRES   =    1753
 NBONA  =      18 NTHETA =      22 NPHIA =      48 NUMBND =      13
 NUMANG =      21 NPTRA  =      14 NATYP =      10 NPHB   =       0
 IFBOX  =       1 NMXRS  =      10 IFCAP =       0 NEXTRA =       0
 NCOPY  =       0

| CMAP information read from topology file: 

|     Memory Use     Allocated
|     Real              935227
|     Hollerith          17610
|     Integer           146548
|     Max Pairs        2344778
|     nblistReal         63420
|     nblist Int        246335
|       Total            18564 kbytes

| Note: 1-4 EEL scale factors are being read from the topology file.

| Note: 1-4 VDW scale factors are being read from the topology file.
| Duplicated    0 dihedrals
| Duplicated    0 dihedrals
|CMAP: Reticulating splines.

     BOX TYPE: RECTILINEAR

--------------------------------------------------------------------------------
   2.  CONTROL  DATA  FOR  THE  RUN
--------------------------------------------------------------------------------

ACE                                                                             

General flags:
     imin    =       0, nmropt  =       1

Nature and format of input:
     ntx     =       5, irest   =       1, ntrx    =       1

Nature and format of output:
     ntxo    =       2, ntpr    =    1000, ntrx    =       1, ntwr    =    1000
     iwrap   =       1, ntwx    =    1000, ntwv    =       0, ntwe    =       0
     ioutfm  =       1, ntwprt  =       0, idecomp =       0, rbornstat=      0

Potential function:
     ntf     =       2, ntb     =       1, igb     =       0, nsnb    =      25
     ipol    =       0, gbsa    =       0, iesp    =       0
     dielc   =   1.00000, cut     =   9.00000, intdiel =   1.00000

Frozen or restrained atoms:
     ibelly  =       0, ntr     =       0

Molecular dynamics:
     nstlim  =     10000, nscm    =      1000, nrespa  =         1
     t       =   0.00000, dt      =   0.00100, vlimit  =  20.00000

Langevin dynamics temperature regulation:
     ig      =   71277
     temp0   = 300.00000, tempi   =   0.00000, gamma_ln=   1.00000

SHAKE:
     ntc     =       2, jfastw  =       0
     tol     =   0.00001

NMR refinement options:
     iscale  =       0, noeskp  =       1, ipnlty  =       1, mxsub   =       1
     scalm   = 100.00000, pencut  =   0.10000, tausw   =   0.10000

Ewald parameters:
     verbose =       0, ew_type =       0, nbflag  =       1, use_pme =       1
     vdwmeth =       1, eedmeth =       1, netfrc  =       1
     Box X =   41.545   Box Y =   41.891   Box Z =   41.935
     Alpha =   90.000   Beta  =   90.000   Gamma =   90.000
     NFFT1 =   48       NFFT2 =   45       NFFT3 =   45
     Cutoff=    9.000   Tol   =0.100E-04
     Ewald Coefficient =  0.30768
     Interpolation order =    4
|  INFO: Old style inpcrd file read


--------------------------------------------------------------------------------
   3.  ATOMIC COORDINATES AND VELOCITIES
--------------------------------------------------------------------------------

ACE                                                                             
 begin time read from input coords =    20.000 ps



           Begin reading energy term weight changes/NMR restraints
 WEIGHT CHANGES:
 DUMPFREQ     10      0    0.000000    0.000000      0      0
                         ** No weight changes given **

 RESTRAINTS:
 Requested file redirections:
  DISANG    = cv1.rst
  DUMPAVE   = prod1.cv
 Restraints will be read from file: cv1.rst
Here are comments from the DISANG input file:

                          ** No restraint defined **

                  Done reading weight changes/NMR restraints


 Number of triangulated 3-point waters found:     1747

     Sum of charges from parm topology file =  -0.00000000
     Forcing neutrality...

--------------------------------------------------------------------------------
   4.  RESULTS
--------------------------------------------------------------------------------

|  # of SOLUTE  degrees of freedom (RNDFP):   10590.
|  # of SOLVENT degrees of freedom (RNDFS):       0.
|  NDFMIN =   10590.     NUM_NOSHAKE =      0     CORRECTED RNDFP =   10590.
|  TOTAL # of degrees of freedom (RNDF) =   10590.
 ---------------------------------------------------
 APPROXIMATING switch and d/dx switch using CUBIC SPLINE INTERPOLATION
 using   5000.0 points per unit in tabled values
 TESTING RELATIVE ERROR over r ranging from 0.0 to cutoff
| CHECK switch(x): max rel err =   0.2738E-14   at   2.422500
| CHECK d/dx switch(x): max rel err =   0.8314E-11   at   2.736960
 ---------------------------------------------------
| Local SIZE OF NONBOND LIST =    1204567
| TOTAL SIZE OF NONBOND LIST =    1204567

 NSTEP =     1000   TIME(PS) =      21.000  TEMP(K) =   302.80  PRESS =     0.0
 Etot   =    -12953.5854  EKtot   =      3186.1310  EPtot      =    -16139.7164
 BOND   =         5.7199  ANGLE   =        17.4217  DIHED      =         8.5966
 1-4 NB =         8.0361  1-4 EEL =        88.8593  VDWAALS    =      2408.8035
 EELEC  =    -18677.8414  EHBOND  =         0.0000  RESTRAINT  =         0.0000
 CMAP   =         0.6878
 Ewald error estimate:   0.3010E-03
 ------------------------------------------------------------------------------

 NMR restraints: Bond =    0.000   Angle =     0.000   Torsion =     0.000
===============================================================================

 NSTEP =     2000   TIME(PS) =      22.000  TEMP(K) =   302.22  PRESS =     0.0
 Etot   =    -12985.5189  EKtot   =      3180.0611  EPtot      =    -16165.5800
 BOND   =         7.4783  ANGLE   =        13.4249  DIHED      =         9.2809
 1-4 NB =         5.7771  1-4 EEL =        89.4433  VDWAALS    =      2363.7981
 EELEC  =    -18654.1381  EHBOND  =         0.0000  RESTRAINT  =         0.0000
 CMAP   =        -0.6444
 Ewald error estimate:   0.1046E-03
 ------------------------------------------------------------------------------

 NMR restraints: Bond =    0.000   Angle =     0.000   Torsion =     0.000
===============================================================================

 NSTEP =     3000   TIME(PS) =      23.000  TEMP(K) =   301.40  PRESS =     0.0
 Etot   =    -12959.2607  EKtot   =      3171.4326  EPtot      =    -16130.6932
 BOND   =         6.6045  ANGLE   =         9.7860  DIHED      =         8.3427
 1-4 NB =         8.5389  1-4 EEL =        94.4651  VDWAALS    =      2417.8208
 EELEC  =    -18675.0153  EHBOND  =         0.0000  RESTRAINT  =         0.0000
 CMAP   =        -1.2359
 Ewald error estimate:   0.7480E-04
 ------------------------------------------------------------------------------

 NMR restraints: Bond =    0.000   Angle =     0.000   Torsion =     0.000
===============================================================================

 NSTEP =     4000   TIME(PS) =      24.000  TEMP(K) =   300.00  PRESS =     0.0
 Etot   =    -13097.8483  EKtot   =      3156.6023  EPtot      =    -16254.4506
 BOND   =         6.3833  ANGLE   =        16.5947  DIHED      =        13.0078
 1-4 NB =         7.8201  1-4 EEL =        92.0518  VDWAALS    =      2406.1422
 EELEC  =    -18795.8267  EHBOND  =         0.0000  RESTRAINT  =         0.0000
 CMAP   =        -0.6237
 Ewald error estimate:   0.3853E-03
 ------------------------------------------------------------------------------

 NMR restraints: Bond =    0.000   Angle =     0.000   Torsion =     0.000
===============================================================================

 NSTEP =     5000   TIME(PS) =      25.000  TEMP(K) =   295.89  PRESS =     0.0
 Etot   =    -13168.3674  EKtot   =      3113.3583  EPtot      =    -16281.7257
 BOND   =         8.3007  ANGLE   =        12.5143  DIHED      =         7.1931
 1-4 NB =         6.9265  1-4 EEL =        95.1443  VDWAALS    =      2325.5335
 EELEC  =    -18738.8174  EHBOND  =         0.0000  RESTRAINT  =         0.0000
 CMAP   =         1.4793
 Ewald error estimate:   0.1447E-04
 ------------------------------------------------------------------------------

 NMR restraints: Bond =    0.000   Angle =     0.000   Torsion =     0.000
===============================================================================

 NSTEP =     6000   TIME(PS) =      26.000  TEMP(K) =   296.81  PRESS =     0.0
 Etot   =    -13124.4861  EKtot   =      3123.1116  EPtot      =    -16247.5977
 BOND   =         6.9806  ANGLE   =        15.4752  DIHED      =         8.2099
 1-4 NB =         6.2014  1-4 EEL =        97.0395  VDWAALS    =      2385.1945
 EELEC  =    -18767.6055  EHBOND  =         0.0000  RESTRAINT  =         0.0000
 CMAP   =         0.9066
 Ewald error estimate:   0.2166E-03
 ------------------------------------------------------------------------------

 NMR restraints: Bond =    0.000   Angle =     0.000   Torsion =     0.000
===============================================================================

 NSTEP =     7000   TIME(PS) =      27.000  TEMP(K) =   300.33  PRESS =     0.0
 Etot   =    -13094.0679  EKtot   =      3160.1600  EPtot      =    -16254.2279
 BOND   =         9.1833  ANGLE   =        18.1213  DIHED      =         7.2912
 1-4 NB =         6.0605  1-4 EEL =        89.3000  VDWAALS    =      2437.6366
 EELEC  =    -18822.2974  EHBOND  =         0.0000  RESTRAINT  =         0.0000
 CMAP   =         0.4765
 Ewald error estimate:   0.3194E-03
 ------------------------------------------------------------------------------

 NMR restraints: Bond =    0.000   Angle =     0.000   Torsion =     0.000
===============================================================================

 NSTEP =     8000   TIME(PS) =      28.000  TEMP(K) =   299.55  PRESS =     0.0
 Etot   =    -13069.0883  EKtot   =      3151.8974  EPtot      =    -16220.9856
 BOND   =         5.5023  ANGLE   =        13.4015  DIHED      =         7.2438
 1-4 NB =         8.4582  1-4 EEL =        93.5470  VDWAALS    =      2438.7997
 EELEC  =    -18788.4356  EHBOND  =         0.0000  RESTRAINT  =         0.0000
 CMAP   =         0.4975
 Ewald error estimate:   0.1175E-03
 ------------------------------------------------------------------------------

 NMR restraints: Bond =    0.000   Angle =     0.000   Torsion =     0.000
===============================================================================

 NSTEP =     9000   TIME(PS) =      29.000  TEMP(K) =   298.40  PRESS =     0.0
 Etot   =    -13033.9931  EKtot   =      3139.7879  EPtot      =    -16173.7810
 BOND   =         7.1829  ANGLE   =        21.6321  DIHED      =         7.3743
 1-4 NB =         5.7396  1-4 EEL =        91.6704  VDWAALS    =      2390.9435
 EELEC  =    -18700.7343  EHBOND  =         0.0000  RESTRAINT  =         0.0000
 CMAP   =         2.4105
 Ewald error estimate:   0.7194E-05
 ------------------------------------------------------------------------------

 NMR restraints: Bond =    0.000   Angle =     0.000   Torsion =     0.000
===============================================================================

 NSTEP =    10000   TIME(PS) =      30.000  TEMP(K) =   302.15  PRESS =     0.0
 Etot   =    -13031.4465  EKtot   =      3179.2378  EPtot      =    -16210.6843
 BOND   =         6.5215  ANGLE   =        17.4530  DIHED      =         8.3376
 1-4 NB =         6.4250  1-4 EEL =        91.8148  VDWAALS    =      2344.9384
 EELEC  =    -18687.3969  EHBOND  =         0.0000  RESTRAINT  =         0.0000
 CMAP   =         1.2223
 Ewald error estimate:   0.3601E-03
 ------------------------------------------------------------------------------

 NMR restraints: Bond =    0.000   Angle =     0.000   Torsion =     0.000
===============================================================================

      A V E R A G E S   O V E R   10000 S T E P S


 NSTEP =    10000   TIME(PS) =      30.000  TEMP(K) =   299.54  PRESS =     0.0
 Etot   =    -13056.8557  EKtot   =      3151.8311  EPtot      =    -16208.6868
 BOND   =         5.7916  ANGLE   =        16.7141  DIHED      =         9.1045
 1-4 NB =         6.6339  1-4 EEL =        92.6129  VDWAALS    =      2410.3375
 EELEC  =    -18749.8919  EHBOND  =         0.0000  RESTRAINT  =         0.0000
 CMAP   =         0.0105
 Ewald error estimate:   0.1409E-03
 ------------------------------------------------------------------------------

 NMR restraints: Bond =    0.000   Angle =     0.000   Torsion =     0.000
===============================================================================

      R M S  F L U C T U A T I O N S


 NSTEP =    10000   TIME(PS) =      30.000  TEMP(K) =     4.29  PRESS =     0.0
 Etot   =        76.2931  EKtot   =        45.1639  EPtot      =        65.8276
 BOND   =         1.8793  ANGLE   =         3.2343  DIHED      =         1.6572
 1-4 NB =         0.9872  1-4 EEL =         2.8868  VDWAALS    =        63.9696
 EELEC  =       103.7774  EHBOND  =         0.0000  RESTRAINT  =         0.0000
 CMAP   =         0.9440
 Ewald error estimate:   0.1031E-03
 ------------------------------------------------------------------------------


 NMR restraints on final step:


--------------------------------------------------------------------------------
   5.  TIMINGS
--------------------------------------------------------------------------------

|                Build the list            14.20 (99.37% of List )
|                Other                      0.09 ( 0.63% of List )
|             List time                 14.29 ( 5.24% of Nonbo)
|                   Short_ene time           208.08 (99.18% of Direc)
|                   Other                      1.71 ( 0.82% of Direc)
|                Direct Ewald time        209.79 (81.12% of Ewald)
|                Adjust Ewald time          0.96 ( 0.37% of Ewald)
|                   Fill Bspline coeffs        2.06 ( 4.33% of Recip)
|                   Fill charge grid           5.42 (11.38% of Recip)
|                   Scalar sum                 7.52 (15.80% of Recip)
|                   Grad sum                   9.17 (19.25% of Recip)
|                   FFT time                  23.45 (49.23% of Recip)
|                   Other                      0.00 ( 0.01% of Recip)
|                Recip Ewald time          47.63 (18.42% of Ewald)
|                Force Adjust               0.04 ( 0.02% of Ewald)
|                Virial junk                0.14 ( 0.06% of Ewald)
|                Other                      0.02 ( 0.01% of Ewald)
|             Ewald time               258.60 (94.76% of Nonbo)
|          Nonbond force            272.90 (99.88% of Force)
|          Bond/Angle/Dihedral        0.25 ( 0.09% of Force)
|          Other                      0.08 ( 0.03% of Force)
|       Force time               273.23 (93.36% of Runmd)
|       Shake time                 1.41 ( 0.48% of Runmd)
|       Verlet update time        17.97 ( 6.14% of Runmd)
|       Other                      0.06 ( 0.02% of Runmd)
|    Runmd Time               292.67 (100.0% of Total)
|    Other                      0.04 ( 0.01% of Total)
| Total time               292.70 (100.0% of ALL  )

| Number of list builds   :        501

| Highest rstack allocated:     355885
| Highest istack allocated:       5285

| Final Performance Info:
| -----------------------------------------------------
| Average timings for all steps:
|     Elapsed(s) =     292.67 Per Step(ms) =      29.27
|         ns/day =       2.95   seconds/ns =   29266.70
| -----------------------------------------------------

|           Job began  at 17:55:29.782  on 09/25/2023
|           Setup done at 17:55:29.820  on 09/25/2023
|           Run   done at 18:00:22.487  on 09/25/2023
|     wallclock() was called  441025 times

|3D-RISM memory allocation summary
|Type          Maximum        Current   
|Integer       0.00000 GB     0.00000 GB
|Real          0.00000 GB     0.00000 GB
|Logical       0.00000 GB     0.00000 GB
|Character     0.00000 GB     0.00000 GB
|---------------------------------------
|Total         0.00000 GB     0.00000 GB
