
          -------------------------------------------------------
          Amber 22 SANDER                              2022
          -------------------------------------------------------

| Run on 09/25/2023 at 18:05:15

|   Executable path: sander
| Working directory: /Users/van/website/CodingNotes/_static/md/distance
|          Hostname: Unknown
  [-O]verwriting output

File Assignments:
|  MDIN: prod3.in                                                              
| MDOUT: prod3.out                                                             
|INPCRD: prod2.ncrst                                                           
|  PARM: step3_pbcsetup.parm7                                                  
|RESTRT: prod3.ncrst                                                           
|  REFC: refc                                                                  
| MDVEL: mdvel                                                                 
| MDFRC: mdfrc                                                                 
|  MDEN: mden                                                                  
| MDCRD: prod3.nc                                                              
|MDINFO: prod3.mdinfo                                                          
|  MTMD: mtmd                                                                  
|INPDIP: inpdip                                                                
|RSTDIP: rstdip                                                                
|INPTRA: inptraj                                                               


 Here is the input file:

A NVT simulation for common production-level simulations                       
 &cntrl                                                                        
    imin=0,        ! No minimization                                           
    irest=1,       ! This IS a restart of an old MD simulation                 
    ntx=5,         ! So our inpcrd file has velocities                         
                                                                               
    ! Temperature control                                                      
    ntt=3,         ! Langevin dynamics                                         
    gamma_ln=1.0,  ! Friction coefficient (ps^-1)                              
    temp0=300,   ! Target temperature                                          
                                                                               
    ! Potential energy control                                                 
    cut=9.0,       ! nonbonded cutoff, in Angstroms                            
                                                                               
    ! MD settings                                                              
    nstlim=10000, ! 2 ns total                                                 
    dt=0.001,      ! time step (ps)                                            
                                                                               
    ! SHAKE                                                                    
    ntc=2,         ! Constrain bonds containing hydrogen                       
    ntf=2,         ! Do not calculate forces of bonds containing hydrogen      
                                                                               
    ! Control how often information is printed                                 
    ntpr=1000,     ! Print energies every 1000 steps                           
    ntwx=1000,    ! Print coordinates every 50000 steps to the trajectory      
    ntwr=1000,    ! Print a restart file every 10K steps (can be less frequent)
    ntxo=2,        ! Write NetCDF format                                       
    ioutfm=1,      ! Write NetCDF format (always do this!)                     
                                                                               
    ! Wrap coordinates when printing them to the same unit cell                
    iwrap=1,                                                                   
                                                                               
    ! Restraints                                                               
    nmropt=1,      ! Turn on restraints                                        
                                                                               
 /                                                                             
                                                                               
 &wt type='DUMPFREQ', istep1=10 /                                              
 &wt type='END' /                                                              
 DISANG=cv2.rst                                                                
 DUMPAVE=prod3.cv                                                              
                                                                               
 /                                                                             

--------------------------------------------------------------------------------
   1.  RESOURCE   USE: 
--------------------------------------------------------------------------------

| Flags:                                                                        
 getting box info from netcdf restart file
| NetCDF restart box info found
|Largest sphere to fit in unit cell has radius =    20.773
| New format PARM file being parsed.
| Version =    1.000 Date = 09/06/23 Time = 01:33:00
 NATOM  =    5285 NTYPES =       9 NBONH =    5265 MBONA  =      18
 NTHETH =      50 MTHETA =      22 NPHIH =      86 MPHIA  =      48
 NHPARM =       0 NPARM  =       0 NNB   =    7186 NRES   =    1753
 NBONA  =      18 NTHETA =      22 NPHIA =      48 NUMBND =      13
 NUMANG =      21 NPTRA  =      14 NATYP =      10 NPHB   =       0
 IFBOX  =       1 NMXRS  =      10 IFCAP =       0 NEXTRA =       0
 NCOPY  =       0

| CMAP information read from topology file: 

|     Memory Use     Allocated
|     Real              935227
|     Hollerith          17610
|     Integer           146548
|     Max Pairs        2344778
|     nblistReal         63420
|     nblist Int        246335
|       Total            18564 kbytes

| Note: 1-4 EEL scale factors are being read from the topology file.

| Note: 1-4 VDW scale factors are being read from the topology file.
| Duplicated    0 dihedrals
| Duplicated    0 dihedrals
|CMAP: Reticulating splines.

     BOX TYPE: RECTILINEAR

--------------------------------------------------------------------------------
   2.  CONTROL  DATA  FOR  THE  RUN
--------------------------------------------------------------------------------

ACE                                                                             

General flags:
     imin    =       0, nmropt  =       1

Nature and format of input:
     ntx     =       5, irest   =       1, ntrx    =       1

Nature and format of output:
     ntxo    =       2, ntpr    =    1000, ntrx    =       1, ntwr    =    1000
     iwrap   =       1, ntwx    =    1000, ntwv    =       0, ntwe    =       0
     ioutfm  =       1, ntwprt  =       0, idecomp =       0, rbornstat=      0

Potential function:
     ntf     =       2, ntb     =       1, igb     =       0, nsnb    =      25
     ipol    =       0, gbsa    =       0, iesp    =       0
     dielc   =   1.00000, cut     =   9.00000, intdiel =   1.00000

Frozen or restrained atoms:
     ibelly  =       0, ntr     =       0

Molecular dynamics:
     nstlim  =     10000, nscm    =      1000, nrespa  =         1
     t       =   0.00000, dt      =   0.00100, vlimit  =  20.00000

Langevin dynamics temperature regulation:
     ig      =   71277
     temp0   = 300.00000, tempi   =   0.00000, gamma_ln=   1.00000

SHAKE:
     ntc     =       2, jfastw  =       0
     tol     =   0.00001

NMR refinement options:
     iscale  =       0, noeskp  =       1, ipnlty  =       1, mxsub   =       1
     scalm   = 100.00000, pencut  =   0.10000, tausw   =   0.10000

Ewald parameters:
     verbose =       0, ew_type =       0, nbflag  =       1, use_pme =       1
     vdwmeth =       1, eedmeth =       1, netfrc  =       1
     Box X =   41.545   Box Y =   41.891   Box Z =   41.935
     Alpha =   90.000   Beta  =   90.000   Gamma =   90.000
     NFFT1 =   48       NFFT2 =   45       NFFT3 =   45
     Cutoff=    9.000   Tol   =0.100E-04
     Ewald Coefficient =  0.30768
     Interpolation order =    4
|  INFO: Old style inpcrd file read


--------------------------------------------------------------------------------
   3.  ATOMIC COORDINATES AND VELOCITIES
--------------------------------------------------------------------------------

ACE                                                                             
 begin time read from input coords =    40.000 ps



           Begin reading energy term weight changes/NMR restraints
 WEIGHT CHANGES:
 DUMPFREQ     10      0    0.000000    0.000000      0      0
                         ** No weight changes given **

 RESTRAINTS:
 Requested file redirections:
  DISANG    = cv2.rst
  DUMPAVE   = prod3.cv
 Restraints will be read from file: cv2.rst
Here are comments from the DISANG input file:

                          ** No restraint defined **

                  Done reading weight changes/NMR restraints


 Number of triangulated 3-point waters found:     1747

     Sum of charges from parm topology file =  -0.00000000
     Forcing neutrality...

--------------------------------------------------------------------------------
   4.  RESULTS
--------------------------------------------------------------------------------

|  # of SOLUTE  degrees of freedom (RNDFP):   10590.
|  # of SOLVENT degrees of freedom (RNDFS):       0.
|  NDFMIN =   10590.     NUM_NOSHAKE =      0     CORRECTED RNDFP =   10590.
|  TOTAL # of degrees of freedom (RNDF) =   10590.
 ---------------------------------------------------
 APPROXIMATING switch and d/dx switch using CUBIC SPLINE INTERPOLATION
 using   5000.0 points per unit in tabled values
 TESTING RELATIVE ERROR over r ranging from 0.0 to cutoff
| CHECK switch(x): max rel err =   0.2738E-14   at   2.422500
| CHECK d/dx switch(x): max rel err =   0.8314E-11   at   2.736960
 ---------------------------------------------------
| Local SIZE OF NONBOND LIST =    1214804
| TOTAL SIZE OF NONBOND LIST =    1214804

 NSTEP =     1000   TIME(PS) =      41.000  TEMP(K) =   295.60  PRESS =     0.0
 Etot   =    -12958.6983  EKtot   =      3110.3817  EPtot      =    -16069.0800
 BOND   =         5.6275  ANGLE   =        16.2020  DIHED      =         9.8223
 1-4 NB =         5.6896  1-4 EEL =        92.0651  VDWAALS    =      2397.2440
 EELEC  =    -18596.2404  EHBOND  =         0.0000  RESTRAINT  =         0.0000
 CMAP   =         0.5098
 Ewald error estimate:   0.5530E-03
 ------------------------------------------------------------------------------

 NMR restraints: Bond =    0.000   Angle =     0.000   Torsion =     0.000
===============================================================================

 NSTEP =     2000   TIME(PS) =      42.000  TEMP(K) =   299.57  PRESS =     0.0
 Etot   =    -13101.7334  EKtot   =      3152.1061  EPtot      =    -16253.8395
 BOND   =         5.5069  ANGLE   =        20.7726  DIHED      =         8.3776
 1-4 NB =         7.3590  1-4 EEL =        89.4459  VDWAALS    =      2343.9523
 EELEC  =    -18729.9298  EHBOND  =         0.0000  RESTRAINT  =         0.0000
 CMAP   =         0.6759
 Ewald error estimate:   0.6487E-04
 ------------------------------------------------------------------------------

 NMR restraints: Bond =    0.000   Angle =     0.000   Torsion =     0.000
===============================================================================

 NSTEP =     3000   TIME(PS) =      43.000  TEMP(K) =   305.51  PRESS =     0.0
 Etot   =    -12998.3970  EKtot   =      3214.6056  EPtot      =    -16213.0027
 BOND   =         9.7245  ANGLE   =        16.7326  DIHED      =         6.9145
 1-4 NB =         9.7723  1-4 EEL =        97.3445  VDWAALS    =      2441.5479
 EELEC  =    -18796.5936  EHBOND  =         0.0000  RESTRAINT  =         0.0000
 CMAP   =         1.5545
 Ewald error estimate:   0.1200E-03
 ------------------------------------------------------------------------------

 NMR restraints: Bond =    0.000   Angle =     0.000   Torsion =     0.000
===============================================================================

 NSTEP =     4000   TIME(PS) =      44.000  TEMP(K) =   295.91  PRESS =     0.0
 Etot   =    -13005.3157  EKtot   =      3113.6164  EPtot      =    -16118.9321
 BOND   =         8.4600  ANGLE   =        21.5736  DIHED      =        10.3635
 1-4 NB =         7.4444  1-4 EEL =        90.3229  VDWAALS    =      2385.5349
 EELEC  =    -18643.4171  EHBOND  =         0.0000  RESTRAINT  =         0.0000
 CMAP   =         0.7857
 Ewald error estimate:   0.3233E-03
 ------------------------------------------------------------------------------

 NMR restraints: Bond =    0.000   Angle =     0.000   Torsion =     0.000
===============================================================================

 NSTEP =     5000   TIME(PS) =      45.000  TEMP(K) =   298.87  PRESS =     0.0
 Etot   =    -13005.9736  EKtot   =      3144.7861  EPtot      =    -16150.7597
 BOND   =         5.8836  ANGLE   =        15.6067  DIHED      =         7.8214
 1-4 NB =         6.6847  1-4 EEL =        96.3305  VDWAALS    =      2525.6579
 EELEC  =    -18809.1218  EHBOND  =         0.0000  RESTRAINT  =         0.0000
 CMAP   =         0.3773
 Ewald error estimate:   0.3598E-03
 ------------------------------------------------------------------------------

 NMR restraints: Bond =    0.000   Angle =     0.000   Torsion =     0.000
===============================================================================

 NSTEP =     6000   TIME(PS) =      46.000  TEMP(K) =   298.17  PRESS =     0.0
 Etot   =    -13074.0412  EKtot   =      3137.4475  EPtot      =    -16211.4887
 BOND   =         5.3409  ANGLE   =        10.7480  DIHED      =         8.3986
 1-4 NB =         6.8116  1-4 EEL =        95.2755  VDWAALS    =      2343.4223
 EELEC  =    -18681.6115  EHBOND  =         0.0000  RESTRAINT  =         0.0000
 CMAP   =         0.1258
 Ewald error estimate:   0.1180E-03
 ------------------------------------------------------------------------------

 NMR restraints: Bond =    0.000   Angle =     0.000   Torsion =     0.000
===============================================================================

 NSTEP =     7000   TIME(PS) =      47.000  TEMP(K) =   293.01  PRESS =     0.0
 Etot   =    -12949.6424  EKtot   =      3083.0833  EPtot      =    -16032.7258
 BOND   =         4.1456  ANGLE   =        14.2205  DIHED      =        11.1018
 1-4 NB =         6.3177  1-4 EEL =        95.4135  VDWAALS    =      2356.5754
 EELEC  =    -18520.4631  EHBOND  =         0.0000  RESTRAINT  =         0.0000
 CMAP   =        -0.0371
 Ewald error estimate:   0.2741E-04
 ------------------------------------------------------------------------------

 NMR restraints: Bond =    0.000   Angle =     0.000   Torsion =     0.000
===============================================================================

 NSTEP =     8000   TIME(PS) =      48.000  TEMP(K) =   304.97  PRESS =     0.0
 Etot   =    -12925.3733  EKtot   =      3208.9054  EPtot      =    -16134.2787
 BOND   =         7.8265  ANGLE   =        11.2999  DIHED      =         8.6113
 1-4 NB =         6.2840  1-4 EEL =        99.7085  VDWAALS    =      2394.1839
 EELEC  =    -18662.2661  EHBOND  =         0.0000  RESTRAINT  =         0.0000
 CMAP   =         0.0734
 Ewald error estimate:   0.2004E-03
 ------------------------------------------------------------------------------

 NMR restraints: Bond =    0.000   Angle =     0.000   Torsion =     0.000
===============================================================================

 NSTEP =     9000   TIME(PS) =      49.000  TEMP(K) =   296.49  PRESS =     0.0
 Etot   =    -13049.4324  EKtot   =      3119.6966  EPtot      =    -16169.1290
 BOND   =         5.6585  ANGLE   =        21.2499  DIHED      =        10.4118
 1-4 NB =         5.8636  1-4 EEL =        93.2788  VDWAALS    =      2348.9442
 EELEC  =    -18655.7007  EHBOND  =         0.0000  RESTRAINT  =         0.0000
 CMAP   =         1.1649
 Ewald error estimate:   0.2565E-03
 ------------------------------------------------------------------------------

 NMR restraints: Bond =    0.000   Angle =     0.000   Torsion =     0.000
===============================================================================

 NSTEP =    10000   TIME(PS) =      50.000  TEMP(K) =   297.21  PRESS =     0.0
 Etot   =    -13102.1056  EKtot   =      3127.3447  EPtot      =    -16229.4503
 BOND   =         4.9835  ANGLE   =        17.3116  DIHED      =         9.6238
 1-4 NB =         6.7177  1-4 EEL =        96.5140  VDWAALS    =      2351.1553
 EELEC  =    -18716.2040  EHBOND  =         0.0000  RESTRAINT  =         0.0000
 CMAP   =         0.4479
 Ewald error estimate:   0.1138E-03
 ------------------------------------------------------------------------------

 NMR restraints: Bond =    0.000   Angle =     0.000   Torsion =     0.000
===============================================================================

      A V E R A G E S   O V E R   10000 S T E P S


 NSTEP =    10000   TIME(PS) =      50.000  TEMP(K) =   299.90  PRESS =     0.0
 Etot   =    -13015.5544  EKtot   =      3155.6084  EPtot      =    -16171.1629
 BOND   =         5.8713  ANGLE   =        16.5016  DIHED      =         9.8410
 1-4 NB =         6.1937  1-4 EEL =        94.0829  VDWAALS    =      2391.5927
 EELEC  =    -18695.9342  EHBOND  =         0.0000  RESTRAINT  =         0.0000
 CMAP   =         0.6881
 Ewald error estimate:   0.1266E-03
 ------------------------------------------------------------------------------

 NMR restraints: Bond =    0.000   Angle =     0.000   Torsion =     0.000
===============================================================================

      R M S  F L U C T U A T I O N S


 NSTEP =    10000   TIME(PS) =      50.000  TEMP(K) =     3.88  PRESS =     0.0
 Etot   =        62.2227  EKtot   =        40.7867  EPtot      =        54.2253
 BOND   =         1.9097  ANGLE   =         3.1950  DIHED      =         1.6264
 1-4 NB =         0.9867  1-4 EEL =         3.1028  VDWAALS    =        58.3044
 EELEC  =        83.1324  EHBOND  =         0.0000  RESTRAINT  =         0.0000
 CMAP   =         0.6188
 Ewald error estimate:   0.9846E-04
 ------------------------------------------------------------------------------


 NMR restraints on final step:


--------------------------------------------------------------------------------
   5.  TIMINGS
--------------------------------------------------------------------------------

|                Build the list            14.08 (99.37% of List )
|                Other                      0.09 ( 0.63% of List )
|             List time                 14.17 ( 5.21% of Nonbo)
|                   Short_ene time           206.86 (99.14% of Direc)
|                   Other                      1.79 ( 0.86% of Direc)
|                Direct Ewald time        208.66 (80.96% of Ewald)
|                Adjust Ewald time          0.97 ( 0.38% of Ewald)
|                   Fill Bspline coeffs        2.11 ( 4.40% of Recip)
|                   Fill charge grid           5.47 (11.42% of Recip)
|                   Scalar sum                 7.54 (15.74% of Recip)
|                   Grad sum                   9.17 (19.15% of Recip)
|                   FFT time                  23.59 (49.27% of Recip)
|                   Other                      0.01 ( 0.01% of Recip)
|                Recip Ewald time          47.87 (18.58% of Ewald)
|                Force Adjust               0.04 ( 0.02% of Ewald)
|                Virial junk                0.15 ( 0.06% of Ewald)
|                Other                      0.03 ( 0.01% of Ewald)
|             Ewald time               257.72 (94.79% of Nonbo)
|          Nonbond force            271.90 (99.87% of Force)
|          Bond/Angle/Dihedral        0.26 ( 0.10% of Force)
|          Other                      0.09 ( 0.03% of Force)
|       Force time               272.25 (93.33% of Runmd)
|       Shake time                 1.41 ( 0.48% of Runmd)
|       Verlet update time        17.99 ( 6.17% of Runmd)
|       Other                      0.06 ( 0.02% of Runmd)
|    Runmd Time               291.72 (100.0% of Total)
|    Other                      0.03 ( 0.01% of Total)
| Total time               291.75 (100.0% of ALL  )

| Number of list builds   :        499

| Highest rstack allocated:     355885
| Highest istack allocated:       5285

| Final Performance Info:
| -----------------------------------------------------
| Average timings for all steps:
|     Elapsed(s) =     291.72 Per Step(ms) =      29.17
|         ns/day =       2.96   seconds/ns =   29171.61
| -----------------------------------------------------

|           Job began  at 18:05:15.344  on 09/25/2023
|           Setup done at 18:05:15.380  on 09/25/2023
|           Run   done at 18:10:07.096  on 09/25/2023
|     wallclock() was called  441021 times

|3D-RISM memory allocation summary
|Type          Maximum        Current   
|Integer       0.00000 GB     0.00000 GB
|Real          0.00000 GB     0.00000 GB
|Logical       0.00000 GB     0.00000 GB
|Character     0.00000 GB     0.00000 GB
|---------------------------------------
|Total         0.00000 GB     0.00000 GB
