
          -------------------------------------------------------
          Amber 22 SANDER                              2022
          -------------------------------------------------------

| Run on 09/25/2023 at 18:00:22

|   Executable path: sander
| Working directory: /Users/van/website/CodingNotes/_static/md/distance
|          Hostname: Unknown
  [-O]verwriting output

File Assignments:
|  MDIN: prod2.in                                                              
| MDOUT: prod2.out                                                             
|INPCRD: prod1.ncrst                                                           
|  PARM: step3_pbcsetup.parm7                                                  
|RESTRT: prod2.ncrst                                                           
|  REFC: refc                                                                  
| MDVEL: mdvel                                                                 
| MDFRC: mdfrc                                                                 
|  MDEN: mden                                                                  
| MDCRD: prod2.nc                                                              
|MDINFO: prod2.mdinfo                                                          
|  MTMD: mtmd                                                                  
|INPDIP: inpdip                                                                
|RSTDIP: rstdip                                                                
|INPTRA: inptraj                                                               


 Here is the input file:

A NVT simulation for common production-level simulations                       
 &cntrl                                                                        
    imin=0,        ! No minimization                                           
    irest=1,       ! This IS a restart of an old MD simulation                 
    ntx=5,         ! So our inpcrd file has velocities                         
                                                                               
    ! Temperature control                                                      
    ntt=3,         ! Langevin dynamics                                         
    gamma_ln=1.0,  ! Friction coefficient (ps^-1)                              
    temp0=300,   ! Target temperature                                          
                                                                               
    ! Potential energy control                                                 
    cut=9.0,       ! nonbonded cutoff, in Angstroms                            
                                                                               
    ! MD settings                                                              
    nstlim=10000, ! 2 ns total                                                 
    dt=0.001,      ! time step (ps)                                            
                                                                               
    ! SHAKE                                                                    
    ntc=2,         ! Constrain bonds containing hydrogen                       
    ntf=2,         ! Do not calculate forces of bonds containing hydrogen      
                                                                               
    ! Control how often information is printed                                 
    ntpr=1000,     ! Print energies every 1000 steps                           
    ntwx=1000,    ! Print coordinates every 50000 steps to the trajectory      
    ntwr=1000,    ! Print a restart file every 10K steps (can be less frequent)
    ntxo=2,        ! Write NetCDF format                                       
    ioutfm=1,      ! Write NetCDF format (always do this!)                     
                                                                               
    ! Wrap coordinates when printing them to the same unit cell                
    iwrap=1,                                                                   
                                                                               
    ! Restraints                                                               
    nmropt=1,      ! Turn on restraints                                        
                                                                               
 /                                                                             
                                                                               
 &wt type='DUMPFREQ', istep1=10 /                                              
 &wt type='END' /                                                              
 DISANG=cv2.rst                                                                
 DUMPAVE=prod2.cv                                                              
                                                                               
 /                                                                             

--------------------------------------------------------------------------------
   1.  RESOURCE   USE: 
--------------------------------------------------------------------------------

| Flags:                                                                        
 getting box info from netcdf restart file
| NetCDF restart box info found
|Largest sphere to fit in unit cell has radius =    20.773
| New format PARM file being parsed.
| Version =    1.000 Date = 09/06/23 Time = 01:33:00
 NATOM  =    5285 NTYPES =       9 NBONH =    5265 MBONA  =      18
 NTHETH =      50 MTHETA =      22 NPHIH =      86 MPHIA  =      48
 NHPARM =       0 NPARM  =       0 NNB   =    7186 NRES   =    1753
 NBONA  =      18 NTHETA =      22 NPHIA =      48 NUMBND =      13
 NUMANG =      21 NPTRA  =      14 NATYP =      10 NPHB   =       0
 IFBOX  =       1 NMXRS  =      10 IFCAP =       0 NEXTRA =       0
 NCOPY  =       0

| CMAP information read from topology file: 

|     Memory Use     Allocated
|     Real              935227
|     Hollerith          17610
|     Integer           146548
|     Max Pairs        2344778
|     nblistReal         63420
|     nblist Int        246335
|       Total            18564 kbytes

| Note: 1-4 EEL scale factors are being read from the topology file.

| Note: 1-4 VDW scale factors are being read from the topology file.
| Duplicated    0 dihedrals
| Duplicated    0 dihedrals
|CMAP: Reticulating splines.

     BOX TYPE: RECTILINEAR

--------------------------------------------------------------------------------
   2.  CONTROL  DATA  FOR  THE  RUN
--------------------------------------------------------------------------------

ACE                                                                             

General flags:
     imin    =       0, nmropt  =       1

Nature and format of input:
     ntx     =       5, irest   =       1, ntrx    =       1

Nature and format of output:
     ntxo    =       2, ntpr    =    1000, ntrx    =       1, ntwr    =    1000
     iwrap   =       1, ntwx    =    1000, ntwv    =       0, ntwe    =       0
     ioutfm  =       1, ntwprt  =       0, idecomp =       0, rbornstat=      0

Potential function:
     ntf     =       2, ntb     =       1, igb     =       0, nsnb    =      25
     ipol    =       0, gbsa    =       0, iesp    =       0
     dielc   =   1.00000, cut     =   9.00000, intdiel =   1.00000

Frozen or restrained atoms:
     ibelly  =       0, ntr     =       0

Molecular dynamics:
     nstlim  =     10000, nscm    =      1000, nrespa  =         1
     t       =   0.00000, dt      =   0.00100, vlimit  =  20.00000

Langevin dynamics temperature regulation:
     ig      =   71277
     temp0   = 300.00000, tempi   =   0.00000, gamma_ln=   1.00000

SHAKE:
     ntc     =       2, jfastw  =       0
     tol     =   0.00001

NMR refinement options:
     iscale  =       0, noeskp  =       1, ipnlty  =       1, mxsub   =       1
     scalm   = 100.00000, pencut  =   0.10000, tausw   =   0.10000

Ewald parameters:
     verbose =       0, ew_type =       0, nbflag  =       1, use_pme =       1
     vdwmeth =       1, eedmeth =       1, netfrc  =       1
     Box X =   41.545   Box Y =   41.891   Box Z =   41.935
     Alpha =   90.000   Beta  =   90.000   Gamma =   90.000
     NFFT1 =   48       NFFT2 =   45       NFFT3 =   45
     Cutoff=    9.000   Tol   =0.100E-04
     Ewald Coefficient =  0.30768
     Interpolation order =    4
|  INFO: Old style inpcrd file read


--------------------------------------------------------------------------------
   3.  ATOMIC COORDINATES AND VELOCITIES
--------------------------------------------------------------------------------

ACE                                                                             
 begin time read from input coords =    30.000 ps



           Begin reading energy term weight changes/NMR restraints
 WEIGHT CHANGES:
 DUMPFREQ     10      0    0.000000    0.000000      0      0
                         ** No weight changes given **

 RESTRAINTS:
 Requested file redirections:
  DISANG    = cv2.rst
  DUMPAVE   = prod2.cv
 Restraints will be read from file: cv2.rst
Here are comments from the DISANG input file:

                          ** No restraint defined **

                  Done reading weight changes/NMR restraints


 Number of triangulated 3-point waters found:     1747

     Sum of charges from parm topology file =  -0.00000000
     Forcing neutrality...

--------------------------------------------------------------------------------
   4.  RESULTS
--------------------------------------------------------------------------------

|  # of SOLUTE  degrees of freedom (RNDFP):   10590.
|  # of SOLVENT degrees of freedom (RNDFS):       0.
|  NDFMIN =   10590.     NUM_NOSHAKE =      0     CORRECTED RNDFP =   10590.
|  TOTAL # of degrees of freedom (RNDF) =   10590.
 ---------------------------------------------------
 APPROXIMATING switch and d/dx switch using CUBIC SPLINE INTERPOLATION
 using   5000.0 points per unit in tabled values
 TESTING RELATIVE ERROR over r ranging from 0.0 to cutoff
| CHECK switch(x): max rel err =   0.2738E-14   at   2.422500
| CHECK d/dx switch(x): max rel err =   0.8314E-11   at   2.736960
 ---------------------------------------------------
| Local SIZE OF NONBOND LIST =    1212736
| TOTAL SIZE OF NONBOND LIST =    1212736

 NSTEP =     1000   TIME(PS) =      31.000  TEMP(K) =   296.14  PRESS =     0.0
 Etot   =    -13048.7932  EKtot   =      3116.0098  EPtot      =    -16164.8030
 BOND   =         3.0700  ANGLE   =        14.7473  DIHED      =        11.8340
 1-4 NB =         7.4049  1-4 EEL =        95.8077  VDWAALS    =      2410.3334
 EELEC  =    -18707.7643  EHBOND  =         0.0000  RESTRAINT  =         0.0000
 CMAP   =        -0.2359
 Ewald error estimate:   0.5897E-04
 ------------------------------------------------------------------------------

 NMR restraints: Bond =    0.000   Angle =     0.000   Torsion =     0.000
===============================================================================

 NSTEP =     2000   TIME(PS) =      32.000  TEMP(K) =   297.35  PRESS =     0.0
 Etot   =    -13053.3993  EKtot   =      3128.7263  EPtot      =    -16182.1257
 BOND   =        10.6678  ANGLE   =        12.4710  DIHED      =         7.2388
 1-4 NB =         6.4367  1-4 EEL =        94.4085  VDWAALS    =      2366.1253
 EELEC  =    -18680.2637  EHBOND  =         0.0000  RESTRAINT  =         0.0000
 CMAP   =         0.7900
 Ewald error estimate:   0.1886E-03
 ------------------------------------------------------------------------------

 NMR restraints: Bond =    0.000   Angle =     0.000   Torsion =     0.000
===============================================================================

 NSTEP =     3000   TIME(PS) =      33.000  TEMP(K) =   300.28  PRESS =     0.0
 Etot   =    -13078.0721  EKtot   =      3159.5764  EPtot      =    -16237.6485
 BOND   =         5.9719  ANGLE   =        21.1514  DIHED      =         8.2927
 1-4 NB =         7.6078  1-4 EEL =        95.1970  VDWAALS    =      2394.8296
 EELEC  =    -18771.8863  EHBOND  =         0.0000  RESTRAINT  =         0.0000
 CMAP   =         1.1875
 Ewald error estimate:   0.2539E-03
 ------------------------------------------------------------------------------

 NMR restraints: Bond =    0.000   Angle =     0.000   Torsion =     0.000
===============================================================================

 NSTEP =     4000   TIME(PS) =      34.000  TEMP(K) =   303.69  PRESS =     0.0
 Etot   =    -13003.1501  EKtot   =      3195.4292  EPtot      =    -16198.5793
 BOND   =         7.0956  ANGLE   =        14.8048  DIHED      =         8.7122
 1-4 NB =         6.8601  1-4 EEL =        93.6410  VDWAALS    =      2444.9525
 EELEC  =    -18774.9963  EHBOND  =         0.0000  RESTRAINT  =         0.0000
 CMAP   =         0.3510
 Ewald error estimate:   0.7220E-04
 ------------------------------------------------------------------------------

 NMR restraints: Bond =    0.000   Angle =     0.000   Torsion =     0.000
===============================================================================

 NSTEP =     5000   TIME(PS) =      35.000  TEMP(K) =   297.81  PRESS =     0.0
 Etot   =    -13065.5464  EKtot   =      3133.6352  EPtot      =    -16199.1816
 BOND   =         6.9207  ANGLE   =        20.2110  DIHED      =        11.0781
 1-4 NB =         6.1129  1-4 EEL =        87.9019  VDWAALS    =      2485.3980
 EELEC  =    -18815.4886  EHBOND  =         0.0000  RESTRAINT  =         0.0000
 CMAP   =        -1.3156
 Ewald error estimate:   0.6438E-04
 ------------------------------------------------------------------------------

 NMR restraints: Bond =    0.000   Angle =     0.000   Torsion =     0.000
===============================================================================

 NSTEP =     6000   TIME(PS) =      36.000  TEMP(K) =   303.39  PRESS =     0.0
 Etot   =    -13052.3300  EKtot   =      3192.3601  EPtot      =    -16244.6901
 BOND   =         6.3632  ANGLE   =        15.8112  DIHED      =        12.8343
 1-4 NB =         6.0140  1-4 EEL =        88.9559  VDWAALS    =      2399.9950
 EELEC  =    -18775.2208  EHBOND  =         0.0000  RESTRAINT  =         0.0000
 CMAP   =         0.5570
 Ewald error estimate:   0.6723E-04
 ------------------------------------------------------------------------------

 NMR restraints: Bond =    0.000   Angle =     0.000   Torsion =     0.000
===============================================================================

 NSTEP =     7000   TIME(PS) =      37.000  TEMP(K) =   302.53  PRESS =     0.0
 Etot   =    -13064.4536  EKtot   =      3183.2968  EPtot      =    -16247.7505
 BOND   =         5.1565  ANGLE   =         9.8591  DIHED      =         9.0950
 1-4 NB =         7.6427  1-4 EEL =        94.7700  VDWAALS    =      2372.8336
 EELEC  =    -18748.0448  EHBOND  =         0.0000  RESTRAINT  =         0.0000
 CMAP   =         0.9375
 Ewald error estimate:   0.1039E-03
 ------------------------------------------------------------------------------

 NMR restraints: Bond =    0.000   Angle =     0.000   Torsion =     0.000
===============================================================================

 NSTEP =     8000   TIME(PS) =      38.000  TEMP(K) =   294.61  PRESS =     0.0
 Etot   =    -13082.0549  EKtot   =      3099.9084  EPtot      =    -16181.9632
 BOND   =         4.7478  ANGLE   =        16.6960  DIHED      =        11.5526
 1-4 NB =         5.7057  1-4 EEL =        96.5384  VDWAALS    =      2338.6150
 EELEC  =    -18655.5940  EHBOND  =         0.0000  RESTRAINT  =         0.0000
 CMAP   =        -0.2248
 Ewald error estimate:   0.1980E-03
 ------------------------------------------------------------------------------

 NMR restraints: Bond =    0.000   Angle =     0.000   Torsion =     0.000
===============================================================================

 NSTEP =     9000   TIME(PS) =      39.000  TEMP(K) =   295.76  PRESS =     0.0
 Etot   =    -13144.2270  EKtot   =      3112.0051  EPtot      =    -16256.2321
 BOND   =         5.4108  ANGLE   =        21.6936  DIHED      =         9.5555
 1-4 NB =         8.0584  1-4 EEL =        93.4278  VDWAALS    =      2371.9702
 EELEC  =    -18766.7111  EHBOND  =         0.0000  RESTRAINT  =         0.0000
 CMAP   =         0.3628
 Ewald error estimate:   0.6289E-04
 ------------------------------------------------------------------------------

 NMR restraints: Bond =    0.000   Angle =     0.000   Torsion =     0.000
===============================================================================

 NSTEP =    10000   TIME(PS) =      40.000  TEMP(K) =   295.49  PRESS =     0.0
 Etot   =    -13111.1693  EKtot   =      3109.1659  EPtot      =    -16220.3352
 BOND   =         6.2875  ANGLE   =        18.0285  DIHED      =         9.7898
 1-4 NB =         4.4009  1-4 EEL =        90.8079  VDWAALS    =      2329.9612
 EELEC  =    -18679.9132  EHBOND  =         0.0000  RESTRAINT  =         0.0000
 CMAP   =         0.3022
 Ewald error estimate:   0.1437E-03
 ------------------------------------------------------------------------------

 NMR restraints: Bond =    0.000   Angle =     0.000   Torsion =     0.000
===============================================================================

      A V E R A G E S   O V E R   10000 S T E P S


 NSTEP =    10000   TIME(PS) =      40.000  TEMP(K) =   298.77  PRESS =     0.0
 Etot   =    -13064.4879  EKtot   =      3143.6975  EPtot      =    -16208.1854
 BOND   =         6.0900  ANGLE   =        17.6872  DIHED      =         9.4653
 1-4 NB =         6.2045  1-4 EEL =        92.8032  VDWAALS    =      2396.2522
 EELEC  =    -18737.0991  EHBOND  =         0.0000  RESTRAINT  =         0.0000
 CMAP   =         0.4114
 Ewald error estimate:   0.1352E-03
 ------------------------------------------------------------------------------

 NMR restraints: Bond =    0.000   Angle =     0.000   Torsion =     0.000
===============================================================================

      R M S  F L U C T U A T I O N S


 NSTEP =    10000   TIME(PS) =      40.000  TEMP(K) =     3.64  PRESS =     0.0
 Etot   =        46.2614  EKtot   =        38.2956  EPtot      =        45.1710
 BOND   =         1.9992  ANGLE   =         3.2590  DIHED      =         1.6328
 1-4 NB =         1.0315  1-4 EEL =         2.7808  VDWAALS    =        56.2317
 EELEC  =        77.7942  EHBOND  =         0.0000  RESTRAINT  =         0.0000
 CMAP   =         0.7585
 Ewald error estimate:   0.1045E-03
 ------------------------------------------------------------------------------


 NMR restraints on final step:


--------------------------------------------------------------------------------
   5.  TIMINGS
--------------------------------------------------------------------------------

|                Build the list            14.23 (99.37% of List )
|                Other                      0.09 ( 0.63% of List )
|             List time                 14.32 ( 5.26% of Nonbo)
|                   Short_ene time           207.57 (99.17% of Direc)
|                   Other                      1.74 ( 0.83% of Direc)
|                Direct Ewald time        209.31 (81.06% of Ewald)
|                Adjust Ewald time          0.96 ( 0.37% of Ewald)
|                   Fill Bspline coeffs        2.09 ( 4.37% of Recip)
|                   Fill charge grid           5.46 (11.44% of Recip)
|                   Scalar sum                 7.52 (15.76% of Recip)
|                   Grad sum                   9.16 (19.20% of Recip)
|                   FFT time                  23.49 (49.23% of Recip)
|                   Other                      0.01 ( 0.01% of Recip)
|                Recip Ewald time          47.72 (18.48% of Ewald)
|                Force Adjust               0.04 ( 0.02% of Ewald)
|                Virial junk                0.15 ( 0.06% of Ewald)
|                Other                      0.03 ( 0.01% of Ewald)
|             Ewald time               258.21 (94.74% of Nonbo)
|          Nonbond force            272.54 (99.87% of Force)
|          Bond/Angle/Dihedral        0.26 ( 0.10% of Force)
|          Other                      0.09 ( 0.03% of Force)
|       Force time               272.89 (93.22% of Runmd)
|       Shake time                 1.41 ( 0.48% of Runmd)
|       Verlet update time        18.36 ( 6.27% of Runmd)
|       Other                      0.06 ( 0.02% of Runmd)
|    Runmd Time               292.73 (100.0% of Total)
|    Other                      0.04 ( 0.01% of Total)
| Total time               292.76 (100.0% of ALL  )

| Number of list builds   :        498

| Highest rstack allocated:     355885
| Highest istack allocated:       5285

| Final Performance Info:
| -----------------------------------------------------
| Average timings for all steps:
|     Elapsed(s) =     292.73 Per Step(ms) =      29.27
|         ns/day =       2.95   seconds/ns =   29272.54
| -----------------------------------------------------

|           Job began  at 18:00:22.535  on 09/25/2023
|           Setup done at 18:00:22.572  on 09/25/2023
|           Run   done at 18:05:15.298  on 09/25/2023
|     wallclock() was called  441019 times

|3D-RISM memory allocation summary
|Type          Maximum        Current   
|Integer       0.00000 GB     0.00000 GB
|Real          0.00000 GB     0.00000 GB
|Logical       0.00000 GB     0.00000 GB
|Character     0.00000 GB     0.00000 GB
|---------------------------------------
|Total         0.00000 GB     0.00000 GB
