
          -------------------------------------------------------
          Amber 22 SANDER                              2022
          -------------------------------------------------------

| Run on 09/29/2023 at 18:41:55

|   Executable path: sander
| Working directory: /Users/van/website/CodingNotes/_static/md/distance
|          Hostname: Unknown
  [-O]verwriting output

File Assignments:
|  MDIN: prod0.in                                                              
| MDOUT: prod0.out                                                             
|INPCRD: heat.ncrst                                                            
|  PARM: step3_pbcsetup.parm7                                                  
|RESTRT: prod0.ncrst                                                           
|  REFC: refc                                                                  
| MDVEL: mdvel                                                                 
| MDFRC: mdfrc                                                                 
|  MDEN: mden                                                                  
| MDCRD: prod0.nc                                                              
|MDINFO: prod0.mdinfo                                                          
|  MTMD: mtmd                                                                  
|INPDIP: inpdip                                                                
|RSTDIP: rstdip                                                                
|INPTRA: inptraj                                                               


 Here is the input file:

A NVT simulation for common production-level simulations                       
 &cntrl                                                                        
    imin=0,        ! No minimization                                           
    irest=1,       ! This IS a restart of an old MD simulation                 
    ntx=5,         ! So our inpcrd file has velocities                         
                                                                               
    ! Temperature control                                                      
    ntt=3,         ! Langevin dynamics                                         
    gamma_ln=1.0,  ! Friction coefficient (ps^-1)                              
    temp0=300,   ! Target temperature                                          
                                                                               
    ! Potential energy control                                                 
    cut=9.0,       ! nonbonded cutoff, in Angstroms                            
                                                                               
    ! MD settings                                                              
    nstlim=10000, ! 2 ns total                                                 
    dt=0.001,      ! time step (ps)                                            
                                                                               
    ! SHAKE                                                                    
    ntc=2,         ! Constrain bonds containing hydrogen                       
    ntf=2,         ! Do not calculate forces of bonds containing hydrogen      
                                                                               
    ! Control how often information is printed                                 
    ntpr=1000,     ! Print energies every 1000 steps                           
    ntwx=1000,    ! Print coordinates every 50000 steps to the trajectory      
    ntwr=1000,    ! Print a restart file every 10K steps (can be less frequent)
    ntxo=2,        ! Write NetCDF format                                       
    ioutfm=1,      ! Write NetCDF format (always do this!)                     
                                                                               
    ! Wrap coordinates when printing them to the same unit cell                
    iwrap=1,                                                                   
                                                                               
    ! Restraints                                                               
    nmropt=1,      ! Turn on restraints                                        
                                                                               
 /                                                                             
                                                                               
 &wt type='DUMPFREQ', istep1=10 /                                              
 &wt type='END' /                                                              
 DISANG=cv0.rst                                                                
 DUMPAVE=prod0.cv                                                              
                                                                               
 /                                                                             

--------------------------------------------------------------------------------
   1.  RESOURCE   USE: 
--------------------------------------------------------------------------------

| Flags:                                                                        
 getting box info from netcdf restart file
| NetCDF restart box info found
|Largest sphere to fit in unit cell has radius =    20.773
| New format PARM file being parsed.
| Version =    1.000 Date = 09/06/23 Time = 01:33:00
 NATOM  =    5285 NTYPES =       9 NBONH =    5265 MBONA  =      18
 NTHETH =      50 MTHETA =      22 NPHIH =      86 MPHIA  =      48
 NHPARM =       0 NPARM  =       0 NNB   =    7186 NRES   =    1753
 NBONA  =      18 NTHETA =      22 NPHIA =      48 NUMBND =      13
 NUMANG =      21 NPTRA  =      14 NATYP =      10 NPHB   =       0
 IFBOX  =       1 NMXRS  =      10 IFCAP =       0 NEXTRA =       0
 NCOPY  =       0

| CMAP information read from topology file: 

|     Memory Use     Allocated
|     Real              935227
|     Hollerith          17610
|     Integer           146548
|     Max Pairs        2344778
|     nblistReal         63420
|     nblist Int        246335
|       Total            18564 kbytes

| Note: 1-4 EEL scale factors are being read from the topology file.

| Note: 1-4 VDW scale factors are being read from the topology file.
| Duplicated    0 dihedrals
| Duplicated    0 dihedrals
|CMAP: Reticulating splines.

     BOX TYPE: RECTILINEAR

--------------------------------------------------------------------------------
   2.  CONTROL  DATA  FOR  THE  RUN
--------------------------------------------------------------------------------

ACE                                                                             

General flags:
     imin    =       0, nmropt  =       1

Nature and format of input:
     ntx     =       5, irest   =       1, ntrx    =       1

Nature and format of output:
     ntxo    =       2, ntpr    =    1000, ntrx    =       1, ntwr    =    1000
     iwrap   =       1, ntwx    =    1000, ntwv    =       0, ntwe    =       0
     ioutfm  =       1, ntwprt  =       0, idecomp =       0, rbornstat=      0

Potential function:
     ntf     =       2, ntb     =       1, igb     =       0, nsnb    =      25
     ipol    =       0, gbsa    =       0, iesp    =       0
     dielc   =   1.00000, cut     =   9.00000, intdiel =   1.00000

Frozen or restrained atoms:
     ibelly  =       0, ntr     =       0

Molecular dynamics:
     nstlim  =     10000, nscm    =      1000, nrespa  =         1
     t       =   0.00000, dt      =   0.00100, vlimit  =  20.00000

Langevin dynamics temperature regulation:
     ig      =   71277
     temp0   = 300.00000, tempi   =   0.00000, gamma_ln=   1.00000

SHAKE:
     ntc     =       2, jfastw  =       0
     tol     =   0.00001

NMR refinement options:
     iscale  =       0, noeskp  =       1, ipnlty  =       1, mxsub   =       1
     scalm   = 100.00000, pencut  =   0.10000, tausw   =   0.10000

Ewald parameters:
     verbose =       0, ew_type =       0, nbflag  =       1, use_pme =       1
     vdwmeth =       1, eedmeth =       1, netfrc  =       1
     Box X =   41.545   Box Y =   41.891   Box Z =   41.935
     Alpha =   90.000   Beta  =   90.000   Gamma =   90.000
     NFFT1 =   48       NFFT2 =   45       NFFT3 =   45
     Cutoff=    9.000   Tol   =0.100E-04
     Ewald Coefficient =  0.30768
     Interpolation order =    4
|  INFO: Old style inpcrd file read


--------------------------------------------------------------------------------
   3.  ATOMIC COORDINATES AND VELOCITIES
--------------------------------------------------------------------------------

ACE                                                                             
 begin time read from input coords =    10.000 ps



           Begin reading energy term weight changes/NMR restraints
 WEIGHT CHANGES:
 DUMPFREQ     10      0    0.000000    0.000000      0      0
                         ** No weight changes given **

 RESTRAINTS:
 Requested file redirections:
  DISANG    = cv0.rst
  DUMPAVE   = prod0.cv
 Restraints will be read from file: cv0.rst
Here are comments from the DISANG input file:

                          ** No restraint defined **

                  Done reading weight changes/NMR restraints


 Number of triangulated 3-point waters found:     1747

     Sum of charges from parm topology file =  -0.00000000
     Forcing neutrality...

--------------------------------------------------------------------------------
   4.  RESULTS
--------------------------------------------------------------------------------

|  # of SOLUTE  degrees of freedom (RNDFP):   10590.
|  # of SOLVENT degrees of freedom (RNDFS):       0.
|  NDFMIN =   10590.     NUM_NOSHAKE =      0     CORRECTED RNDFP =   10590.
|  TOTAL # of degrees of freedom (RNDF) =   10590.
 ---------------------------------------------------
 APPROXIMATING switch and d/dx switch using CUBIC SPLINE INTERPOLATION
 using   5000.0 points per unit in tabled values
 TESTING RELATIVE ERROR over r ranging from 0.0 to cutoff
| CHECK switch(x): max rel err =   0.2738E-14   at   2.422500
| CHECK d/dx switch(x): max rel err =   0.8314E-11   at   2.736960
 ---------------------------------------------------
| Local SIZE OF NONBOND LIST =    1203977
| TOTAL SIZE OF NONBOND LIST =    1203977

 NSTEP =     1000   TIME(PS) =      11.000  TEMP(K) =   304.29  PRESS =     0.0
 Etot   =    -12975.8120  EKtot   =      3201.7551  EPtot      =    -16177.5671
 BOND   =         3.8371  ANGLE   =        15.8230  DIHED      =        10.9410
 1-4 NB =         7.4412  1-4 EEL =        95.4200  VDWAALS    =      2331.0707
 EELEC  =    -18640.4113  EHBOND  =         0.0000  RESTRAINT  =         0.0000
 CMAP   =        -1.6888
 Ewald error estimate:   0.3220E-03
 ------------------------------------------------------------------------------

 NMR restraints: Bond =    0.000   Angle =     0.000   Torsion =     0.000
===============================================================================

 NSTEP =     2000   TIME(PS) =      12.000  TEMP(K) =   298.22  PRESS =     0.0
 Etot   =    -12993.1050  EKtot   =      3137.9296  EPtot      =    -16131.0345
 BOND   =         4.8353  ANGLE   =        15.6075  DIHED      =        10.4995
 1-4 NB =         6.0670  1-4 EEL =        87.3668  VDWAALS    =      2397.2247
 EELEC  =    -18652.5982  EHBOND  =         0.0000  RESTRAINT  =         0.0000
 CMAP   =        -0.0372
 Ewald error estimate:   0.2898E-03
 ------------------------------------------------------------------------------

 NMR restraints: Bond =    0.000   Angle =     0.000   Torsion =     0.000
===============================================================================

 NSTEP =     3000   TIME(PS) =      13.000  TEMP(K) =   304.30  PRESS =     0.0
 Etot   =    -12994.0821  EKtot   =      3201.8631  EPtot      =    -16195.9453
 BOND   =         4.5900  ANGLE   =        17.9648  DIHED      =        12.8248
 1-4 NB =         6.1517  1-4 EEL =        93.1180  VDWAALS    =      2340.0556
 EELEC  =    -18672.2255  EHBOND  =         0.0000  RESTRAINT  =         0.0000
 CMAP   =         1.5752
 Ewald error estimate:   0.8894E-04
 ------------------------------------------------------------------------------

 NMR restraints: Bond =    0.000   Angle =     0.000   Torsion =     0.000
===============================================================================

 NSTEP =     4000   TIME(PS) =      14.000  TEMP(K) =   298.29  PRESS =     0.0
 Etot   =    -12926.2897  EKtot   =      3138.6955  EPtot      =    -16064.9853
 BOND   =         4.6019  ANGLE   =        12.9623  DIHED      =         7.5084
 1-4 NB =         6.1397  1-4 EEL =        92.9127  VDWAALS    =      2322.8906
 EELEC  =    -18511.1497  EHBOND  =         0.0000  RESTRAINT  =         0.0000
 CMAP   =        -0.8510
 Ewald error estimate:   0.1506E-03
 ------------------------------------------------------------------------------

 NMR restraints: Bond =    0.000   Angle =     0.000   Torsion =     0.000
===============================================================================

 NSTEP =     5000   TIME(PS) =      15.000  TEMP(K) =   300.25  PRESS =     0.0
 Etot   =    -12935.5571  EKtot   =      3159.2622  EPtot      =    -16094.8193
 BOND   =         4.2555  ANGLE   =        16.1798  DIHED      =         6.8399
 1-4 NB =         7.6050  1-4 EEL =        95.8809  VDWAALS    =      2370.4112
 EELEC  =    -18596.2602  EHBOND  =         0.0000  RESTRAINT  =         0.0000
 CMAP   =         0.2686
 Ewald error estimate:   0.1233E-03
 ------------------------------------------------------------------------------

 NMR restraints: Bond =    0.000   Angle =     0.000   Torsion =     0.000
===============================================================================

 NSTEP =     6000   TIME(PS) =      16.000  TEMP(K) =   303.97  PRESS =     0.0
 Etot   =    -12915.2349  EKtot   =      3198.3868  EPtot      =    -16113.6218
 BOND   =         5.5286  ANGLE   =        18.3661  DIHED      =         9.6953
 1-4 NB =         7.6085  1-4 EEL =        93.8534  VDWAALS    =      2318.8787
 EELEC  =    -18567.1402  EHBOND  =         0.0000  RESTRAINT  =         0.0000
 CMAP   =        -0.4121
 Ewald error estimate:   0.2213E-04
 ------------------------------------------------------------------------------

 NMR restraints: Bond =    0.000   Angle =     0.000   Torsion =     0.000
===============================================================================

 NSTEP =     7000   TIME(PS) =      17.000  TEMP(K) =   306.69  PRESS =     0.0
 Etot   =    -12857.0504  EKtot   =      3227.0949  EPtot      =    -16084.1453
 BOND   =         7.0275  ANGLE   =        14.3075  DIHED      =         8.0092
 1-4 NB =         6.0418  1-4 EEL =        93.0923  VDWAALS    =      2366.9534
 EELEC  =    -18581.0631  EHBOND  =         0.0000  RESTRAINT  =         0.0000
 CMAP   =         1.4861
 Ewald error estimate:   0.3246E-03
 ------------------------------------------------------------------------------

 NMR restraints: Bond =    0.000   Angle =     0.000   Torsion =     0.000
===============================================================================

 NSTEP =     8000   TIME(PS) =      18.000  TEMP(K) =   302.49  PRESS =     0.0
 Etot   =    -12826.0074  EKtot   =      3182.8932  EPtot      =    -16008.9006
 BOND   =         8.3045  ANGLE   =        18.4305  DIHED      =        10.2469
 1-4 NB =         7.7592  1-4 EEL =        92.8235  VDWAALS    =      2446.9983
 EELEC  =    -18594.9102  EHBOND  =         0.0000  RESTRAINT  =         0.0000
 CMAP   =         1.4466
 Ewald error estimate:   0.1149E-03
 ------------------------------------------------------------------------------

 NMR restraints: Bond =    0.000   Angle =     0.000   Torsion =     0.000
===============================================================================

 NSTEP =     9000   TIME(PS) =      19.000  TEMP(K) =   305.49  PRESS =     0.0
 Etot   =    -12792.1149  EKtot   =      3214.3710  EPtot      =    -16006.4859
 BOND   =         8.5806  ANGLE   =        23.3288  DIHED      =        11.0465
 1-4 NB =         5.5806  1-4 EEL =        91.2201  VDWAALS    =      2340.2128
 EELEC  =    -18488.3823  EHBOND  =         0.0000  RESTRAINT  =         0.0000
 CMAP   =         1.9268
 Ewald error estimate:   0.1741E-03
 ------------------------------------------------------------------------------

 NMR restraints: Bond =    0.000   Angle =     0.000   Torsion =     0.000
===============================================================================

 NSTEP =    10000   TIME(PS) =      20.000  TEMP(K) =   302.25  PRESS =     0.0
 Etot   =    -12887.1128  EKtot   =      3180.3267  EPtot      =    -16067.4395
 BOND   =         6.9848  ANGLE   =        15.6162  DIHED      =         7.3426
 1-4 NB =         6.1970  1-4 EEL =        93.3085  VDWAALS    =      2346.7191
 EELEC  =    -18545.8991  EHBOND  =         0.0000  RESTRAINT  =         0.0000
 CMAP   =         2.2913
 Ewald error estimate:   0.1653E-04
 ------------------------------------------------------------------------------

 NMR restraints: Bond =    0.000   Angle =     0.000   Torsion =     0.000
===============================================================================

      A V E R A G E S   O V E R   10000 S T E P S


 NSTEP =    10000   TIME(PS) =      20.000  TEMP(K) =   302.63  PRESS =     0.0
 Etot   =    -12921.8538  EKtot   =      3184.2857  EPtot      =    -16106.1395
 BOND   =         6.3125  ANGLE   =        17.0059  DIHED      =         9.4346
 1-4 NB =         6.3544  1-4 EEL =        91.7447  VDWAALS    =      2394.7318
 EELEC  =    -18632.0042  EHBOND  =         0.0000  RESTRAINT  =         0.0000
 CMAP   =         0.2807
 Ewald error estimate:   0.1496E-03
 ------------------------------------------------------------------------------

 NMR restraints: Bond =    0.000   Angle =     0.000   Torsion =     0.000
===============================================================================

      R M S  F L U C T U A T I O N S


 NSTEP =    10000   TIME(PS) =      20.000  TEMP(K) =     3.90  PRESS =     0.0
 Etot   =        73.8325  EKtot   =        41.0874  EPtot      =        58.9886
 BOND   =         2.1238  ANGLE   =         3.1582  DIHED      =         1.5200
 1-4 NB =         1.0328  1-4 EEL =         3.0791  VDWAALS    =        60.4976
 EELEC  =        96.8722  EHBOND  =         0.0000  RESTRAINT  =         0.0000
 CMAP   =         1.0464
 Ewald error estimate:   0.1188E-03
 ------------------------------------------------------------------------------


 NMR restraints on final step:


--------------------------------------------------------------------------------
   5.  TIMINGS
--------------------------------------------------------------------------------

|                Build the list            14.09 (99.41% of List )
|                Other                      0.08 ( 0.59% of List )
|             List time                 14.17 ( 5.30% of Nonbo)
|                   Short_ene time           203.39 (99.23% of Direc)
|                   Other                      1.59 ( 0.77% of Direc)
|                Direct Ewald time        204.98 (80.98% of Ewald)
|                Adjust Ewald time          0.94 ( 0.37% of Ewald)
|                   Fill Bspline coeffs        2.01 ( 4.27% of Recip)
|                   Fill charge grid           5.31 (11.29% of Recip)
|                   Scalar sum                 7.46 (15.88% of Recip)
|                   Grad sum                   9.07 (19.29% of Recip)
|                   FFT time                  23.16 (49.27% of Recip)
|                   Other                      0.00 ( 0.01% of Recip)
|                Recip Ewald time          47.00 (18.57% of Ewald)
|                Force Adjust               0.04 ( 0.02% of Ewald)
|                Virial junk                0.14 ( 0.06% of Ewald)
|                Other                      0.02 ( 0.01% of Ewald)
|             Ewald time               253.14 (94.70% of Nonbo)
|          Nonbond force            267.31 (100.0% of Force)
|          Bond/Angle/Dihedral        0.21 ( 0.08% of Force)
|          Other                      0.05 ( 0.02% of Force)
|       Force time               267.57 (93.28% of Runmd)
|       Shake time                 1.40 ( 0.49% of Runmd)
|       Verlet update time        17.84 ( 6.22% of Runmd)
|       Other                      0.05 ( 0.02% of Runmd)
|    Runmd Time               286.86 (100.0% of Total)
|    Other                      0.04 ( 0.01% of Total)
| Total time               286.90 (100.0% of ALL  )

| Number of list builds   :        506

| Highest rstack allocated:     355885
| Highest istack allocated:       5285

| Final Performance Info:
| -----------------------------------------------------
| Average timings for all steps:
|     Elapsed(s) =     286.86 Per Step(ms) =      28.69
|         ns/day =       3.01   seconds/ns =   28686.32
| -----------------------------------------------------

|           Job began  at 18:41:55.758  on 09/29/2023
|           Setup done at 18:41:55.798  on 09/29/2023
|           Run   done at 18:46:42.661  on 09/29/2023
|     wallclock() was called  441035 times

|3D-RISM memory allocation summary
|Type          Maximum        Current   
|Integer       0.00000 GB     0.00000 GB
|Real          0.00000 GB     0.00000 GB
|Logical       0.00000 GB     0.00000 GB
|Character     0.00000 GB     0.00000 GB
|---------------------------------------
|Total         0.00000 GB     0.00000 GB
