            --------------------------------------------------------
                             AMBER SQM VERSION 19
 
                                     By
              Ross C. Walker, Michael F. Crowley, Scott Brozell,
                         Tim Giese, Andreas W. Goetz,
                        Tai-Sung Lee and David A. Case
 
            --------------------------------------------------------
 

--------------------------------------------------------------------------------
  QM CALCULATION INFO
--------------------------------------------------------------------------------

| QMMM: Citation for AMBER QMMM Run:
| QMMM: R.C. Walker, M.F. Crowley and D.A. Case, J. COMP. CHEM. 29:1019, 2008

QMMM: SINGLET STATE CALCULATION
QMMM: RHF CALCULATION, NO. OF DOUBLY OCCUPIED LEVELS = 17

| QMMM: *** Selected Hamiltonian *** 
| QMMM: AM1         

| QMMM: *** Parameter sets in use ***
| QMMM: C : M.J.S.DEWAR et al. JACS, 107, 3902, (1985)
| QMMM: O : M.J.S.DEWAR et al. JACS, 107, 3902, (1985)
| QMMM: H : M.J.S.DEWAR et al. JACS, 107, 3902, (1985)

| QMMM: *** SCF convergence criteria ***
| QMMM: Energy change                :  0.1D-09 kcal/mol
| QMMM: Error matrix |FP-PF|         :  0.1D+00 au
| QMMM: Density matrix change        :  0.5D-06
| QMMM: Maximum number of SCF cycles :     1000

| QMMM: *** Diagonalization Routine Information ***
| QMMM: Pseudo diagonalizations are allowed.
| QMMM: Auto diagonalization routine selection is in use.
| QMMM:
| QMMM: Timing diagonalization routines:
| QMMM:                              norbs =       32
| QMMM:    diag iterations used for timing =       20
| QMMM:
| QMMM:              Internal diag routine = 0.002231 seconds
| QMMM:                 Dspev diag routine = 0.002388 seconds
| QMMM:                Dspevd diag routine = 0.001911 seconds
| QMMM:                Dspevx diag routine = 0.013806 seconds
| QMMM:                 Dsyev diag routine = 0.002352 seconds
| QMMM:                Dsyevd diag routine = 0.001934 seconds
| QMMM:                Dsyevr diag routine = 0.003005 seconds
| QMMM:
| QMMM:                Pseudo diag routine = 0.000429 seconds
| QMMM:
| QMMM: Using dspevd routine (diag_routine=3).

  QMMM: QM Region Cartesian Coordinates (*=link atom) 
  QMMM: QM_NO.   MM_NO.  ATOM         X         Y         Z
  QMMM:     1        1      C       -2.6080    1.5470    0.4650
  QMMM:     2        2      C       -1.4990    1.0260   -0.0770
  QMMM:     3        3      C       -0.1570    1.7250   -0.1820
  QMMM:     4        4      C       -0.0840    3.1680    0.3560
  QMMM:     5        5      C       -0.8960    4.1650   -0.4320
  QMMM:     6        6      O       -1.5500    3.8340   -1.4090
  QMMM:     7        7      H       -3.5180    0.9560    0.4930
  QMMM:     8        8      H       -2.6390    2.5430    0.8880
  QMMM:     9        9      H       -1.5550    0.0140   -0.4680
  QMMM:    10       10      H        0.1630    1.7260   -1.2460
  QMMM:    11       11      H        0.5710    1.1090    0.3900
  QMMM:    12       12      H        0.9750    3.5010    0.3090
  QMMM:    13       13      H       -0.3990    3.1850    1.4210
  QMMM:    14       14      H       -0.8900    5.2060   -0.1270

--------------------------------------------------------------------------------
  RESULTS
--------------------------------------------------------------------------------

      iter         sqm energy              rms gradient
      ----    -------------------    -----------------------
xmin    10      -27.4812 kcal/mol        1.0727 kcal/(mol*A)
xmin    20      -27.9164 kcal/mol        0.9379 kcal/(mol*A)
xmin    30      -28.0311 kcal/mol        0.4156 kcal/(mol*A)
xmin    40      -28.1149 kcal/mol        1.0189 kcal/(mol*A)
xmin    50      -28.1613 kcal/mol        0.6978 kcal/(mol*A)
xmin    60      -28.2062 kcal/mol        0.0781 kcal/(mol*A)
xmin    70      -28.2314 kcal/mol        0.1945 kcal/(mol*A)
xmin    80      -28.2557 kcal/mol        0.1388 kcal/(mol*A)
xmin    90      -28.2700 kcal/mol        0.0795 kcal/(mol*A)
xmin   100      -28.2802 kcal/mol        0.0967 kcal/(mol*A)
xmin   110      -28.2863 kcal/mol        0.2374 kcal/(mol*A)
xmin   120      -28.2911 kcal/mol        0.0584 kcal/(mol*A)
xmin   130      -28.2961 kcal/mol        0.0825 kcal/(mol*A)
xmin   140      -28.2993 kcal/mol        0.1648 kcal/(mol*A)
xmin   150      -28.3027 kcal/mol        0.0379 kcal/(mol*A)
xmin   160      -28.3055 kcal/mol        0.0607 kcal/(mol*A)
xmin   170      -28.3078 kcal/mol        0.1642 kcal/(mol*A)
xmin   180      -28.3089 kcal/mol        0.1019 kcal/(mol*A)
xmin   190      -28.3103 kcal/mol        0.0373 kcal/(mol*A)
xmin   200      -28.3110 kcal/mol        0.0199 kcal/(mol*A)
xmin   210      -28.3117 kcal/mol        0.0155 kcal/(mol*A)
xmin   220      -28.3122 kcal/mol        0.0235 kcal/(mol*A)
xmin   230      -28.3131 kcal/mol        0.0140 kcal/(mol*A)
xmin   240      -28.3135 kcal/mol        0.0304 kcal/(mol*A)
xmin   250      -28.3141 kcal/mol        0.0217 kcal/(mol*A)
xmin   260      -28.3145 kcal/mol        0.0105 kcal/(mol*A)
xmin   270      -28.3148 kcal/mol        0.0264 kcal/(mol*A)
xmin   280      -28.3151 kcal/mol        0.0215 kcal/(mol*A)
xmin   290      -28.3153 kcal/mol        0.0339 kcal/(mol*A)
xmin   300      -28.3154 kcal/mol        0.0100 kcal/(mol*A)
xmin   310      -28.3155 kcal/mol        0.0102 kcal/(mol*A)
xmin   320      -28.3155 kcal/mol        0.0082 kcal/(mol*A)
xmin   330      -28.3156 kcal/mol        0.0176 kcal/(mol*A)
xmin   340      -28.3157 kcal/mol        0.0041 kcal/(mol*A)
xmin   350      -28.3157 kcal/mol        0.0101 kcal/(mol*A)
xmin   360      -28.3158 kcal/mol        0.0046 kcal/(mol*A)
xmin   370      -28.3158 kcal/mol        0.0033 kcal/(mol*A)
xmin   380      -28.3158 kcal/mol        0.0146 kcal/(mol*A)
xmin   390      -28.3158 kcal/mol        0.0060 kcal/(mol*A)
xmin   400      -28.3158 kcal/mol        0.0056 kcal/(mol*A)
xmin   410      -28.3158 kcal/mol        0.0052 kcal/(mol*A)
xmin   420      -28.3158 kcal/mol        0.0050 kcal/(mol*A)
xmin   430      -28.3158 kcal/mol        0.0053 kcal/(mol*A)
xmin   440      -28.3159 kcal/mol        0.0038 kcal/(mol*A)
xmin   450      -28.3159 kcal/mol        0.0043 kcal/(mol*A)
xmin   460      -28.3159 kcal/mol        0.0029 kcal/(mol*A)
xmin   470      -28.3159 kcal/mol        0.0033 kcal/(mol*A)
xmin   480      -28.3159 kcal/mol        0.0034 kcal/(mol*A)
xmin   490      -28.3159 kcal/mol        0.0199 kcal/(mol*A)
xmin   500      -28.3159 kcal/mol        0.0045 kcal/(mol*A)
xmin   510      -28.3159 kcal/mol        0.0027 kcal/(mol*A)
xmin   520      -28.3159 kcal/mol        0.0025 kcal/(mol*A)
xmin   530      -28.3159 kcal/mol        0.0028 kcal/(mol*A)
xmin   540      -28.3159 kcal/mol        0.0030 kcal/(mol*A)
xmin   550      -28.3159 kcal/mol        0.0022 kcal/(mol*A)
xmin   560      -28.3159 kcal/mol        0.0050 kcal/(mol*A)
xmin   570      -28.3159 kcal/mol        0.0093 kcal/(mol*A)
xmin   580      -28.3159 kcal/mol        0.0014 kcal/(mol*A)
xmin   590      -28.3159 kcal/mol        0.0023 kcal/(mol*A)
xmin   600      -28.3159 kcal/mol        0.0014 kcal/(mol*A)
xmin   610      -28.3159 kcal/mol        0.0013 kcal/(mol*A)
xmin   620      -28.3159 kcal/mol        0.0013 kcal/(mol*A)
xmin   630      -28.3159 kcal/mol        0.0011 kcal/(mol*A)
xmin   640      -28.3159 kcal/mol        0.0011 kcal/(mol*A)
xmin   650      -28.3159 kcal/mol        0.0010 kcal/(mol*A)
xmin   660      -28.3159 kcal/mol        0.0009 kcal/(mol*A)
xmin   670      -28.3159 kcal/mol        0.0009 kcal/(mol*A)
xmin   680      -28.3159 kcal/mol        0.0008 kcal/(mol*A)
xmin   690      -28.3159 kcal/mol        0.0008 kcal/(mol*A)
xmin   700      -28.3159 kcal/mol        0.0008 kcal/(mol*A)
xmin   710      -28.3159 kcal/mol        0.0007 kcal/(mol*A)
xmin   720      -28.3159 kcal/mol        0.0007 kcal/(mol*A)
xmin   730      -28.3159 kcal/mol        0.0007 kcal/(mol*A)
xmin   740      -28.3159 kcal/mol        0.0007 kcal/(mol*A)
xmin   750      -28.3159 kcal/mol        0.0006 kcal/(mol*A)
xmin   760      -28.3159 kcal/mol        0.0006 kcal/(mol*A)
  ... geometry converged !
 
 Final MO eigenvalues (eV):
 -39.4835  -36.2341  -31.2984  -26.9221  -22.2119  -19.7051  -17.4755  -16.7625
 -15.8832  -14.8068  -14.5754  -13.4867  -13.1804  -12.4420  -11.8615  -10.5969
 -10.1618    0.8544    1.1763    3.0904    3.4798    3.6965    3.9620    4.1630
   4.1796    4.3835    4.5202    4.6709    4.9689    5.4087    5.7269    6.3243


 Heat of formation   =        -28.31592260 kcal/mol  (       -1.22787054 eV)

 Total SCF energy    =     -24681.88110487 kcal/mol  (    -1070.28667902 eV)
 Electronic energy   =     -91130.65611533 kcal/mol  (    -3951.72178636 eV)
 Core-core repulsion =      66448.77501046 kcal/mol  (     2881.43510734 eV)
 
    Atomic Charges for Step       1 :
  Atom    Element       Mulliken Charge
     1      C                 -0.226
     2      C                 -0.159
     3      C                 -0.128
     4      C                 -0.227
     5      C                  0.185
     6      O                 -0.286
     7      H                  0.115
     8      H                  0.106
     9      H                  0.122
    10      H                  0.113
    11      H                  0.091
    12      H                  0.111
    13      H                  0.099
    14      H                  0.085
 Total Mulliken Charge =       0.000
 
                  X        Y        Z     TOTAL  
  QM DIPOLE     0.337   -0.547    2.315    2.402
 
 Final Structure

  QMMM: QM Region Cartesian Coordinates (*=link atom) 
  QMMM: QM_NO.   MM_NO.  ATOM         X         Y         Z
  QMMM:     1        1      C       -2.5760    1.6395    0.6764
  QMMM:     2        2      C       -1.5303    1.0423    0.1107
  QMMM:     3        3      C       -0.2616    1.6946   -0.2911
  QMMM:     4        4      C       -0.0635    3.0996    0.2398
  QMMM:     5        5      C       -0.8295    4.1270   -0.5389
  QMMM:     6        6      O       -0.7880    4.2211   -1.7658
  QMMM:     7        7      H       -3.4896    1.0906    0.9392
  QMMM:     8        8      H       -2.5996    2.7120    0.9117
  QMMM:     9        9      H       -1.5607   -0.0387   -0.1152
  QMMM:    10       10      H       -0.2108    1.7190   -1.4162
  QMMM:    11       11      H        0.5930    1.0562    0.0662
  QMMM:    12       12      H        1.0269    3.3654    0.1705
  QMMM:    13       13      H       -0.3550    3.1475    1.3212
  QMMM:    14       14      H       -1.4413    4.8290    0.0727

           --------- Calculation Completed ----------

