            --------------------------------------------------------
                             AMBER SQM VERSION 19
 
                                     By
              Ross C. Walker, Michael F. Crowley, Scott Brozell,
                         Tim Giese, Andreas W. Goetz,
                        Tai-Sung Lee and David A. Case
 
            --------------------------------------------------------
 

--------------------------------------------------------------------------------
  QM CALCULATION INFO
--------------------------------------------------------------------------------

| QMMM: Citation for AMBER QMMM Run:
| QMMM: R.C. Walker, M.F. Crowley and D.A. Case, J. COMP. CHEM. 29:1019, 2008

QMMM: SINGLET STATE CALCULATION
QMMM: RHF CALCULATION, NO. OF DOUBLY OCCUPIED LEVELS = 17

| QMMM: *** Selected Hamiltonian *** 
| QMMM: AM1         

| QMMM: *** Parameter sets in use ***
| QMMM: O : M.J.S.DEWAR et al. JACS, 107, 3902, (1985)
| QMMM: C : M.J.S.DEWAR et al. JACS, 107, 3902, (1985)
| QMMM: H : M.J.S.DEWAR et al. JACS, 107, 3902, (1985)

| QMMM: *** SCF convergence criteria ***
| QMMM: Energy change                :  0.1D-09 kcal/mol
| QMMM: Error matrix |FP-PF|         :  0.1D+00 au
| QMMM: Density matrix change        :  0.5D-06
| QMMM: Maximum number of SCF cycles :     1000
 
| QMMM: *** Diagonalization Routine Information ***
| QMMM: Pseudo diagonalizations are allowed.
| QMMM: Auto diagonalization routine selection is in use.
| QMMM:
| QMMM: Timing diagonalization routines:
| QMMM:                              norbs =       32
| QMMM:    diag iterations used for timing =       20
| QMMM:
| QMMM:              Internal diag routine = 0.003006 seconds
| QMMM:                 Dspev diag routine = 0.057515 seconds
| QMMM:                Dspevd diag routine = 0.003367 seconds
| QMMM:                Dspevx diag routine = 0.020908 seconds
| QMMM:                 Dsyev diag routine = 0.008142 seconds
| QMMM:                Dsyevd diag routine = 0.004822 seconds
| QMMM:                Dsyevr diag routine = 0.010939 seconds
| QMMM:
| QMMM:                Pseudo diag routine = 0.000731 seconds
| QMMM:
| QMMM: Using internal diagonalization routine (diag_routine=1).

  QMMM: QM Region Cartesian Coordinates (*=link atom) 
  QMMM: QM_NO.   MM_NO.  ATOM         X         Y         Z
  QMMM:     1        1      O       -2.9250    3.0410    1.4410
  QMMM:     2        2      C       -2.3030    3.4500    0.4730
  QMMM:     3        3      C       -1.3650    2.5610   -0.3040
  QMMM:     4        4      C       -1.2660    1.1190    0.2320
  QMMM:     5        5      C       -2.5090    0.2590    0.1110
  QMMM:     6        6      C       -3.6690    0.6380   -0.4430
  QMMM:     7        7      H       -2.4190    4.4840    0.1680
  QMMM:     8        8      H       -0.3560    3.0220   -0.2430
  QMMM:     9        9      H       -1.6660    2.5410   -1.3730
  QMMM:    10       10      H       -0.9620    1.1570    1.3000
  QMMM:    11       11      H       -0.4610    0.5990   -0.3310
  QMMM:    12       12      H       -2.4440   -0.7520    0.5010
  QMMM:    13       13      H       -3.8200    1.6240   -0.8650
  QMMM:    14       14      H       -4.4970   -0.0620   -0.4810

--------------------------------------------------------------------------------
  RESULTS
--------------------------------------------------------------------------------

      iter         sqm energy              rms gradient
      ----    -------------------    -----------------------
xmin    10      -27.5492 kcal/mol        0.4874 kcal/(mol*A)
xmin    20      -27.9985 kcal/mol        0.4453 kcal/(mol*A)
xmin    30      -28.1002 kcal/mol        0.4163 kcal/(mol*A)
xmin    40      -28.1612 kcal/mol        0.1660 kcal/(mol*A)
xmin    50      -28.2168 kcal/mol        0.6517 kcal/(mol*A)
xmin    60      -28.2415 kcal/mol        0.2095 kcal/(mol*A)
xmin    70      -28.2577 kcal/mol        0.0939 kcal/(mol*A)
xmin    80      -28.2718 kcal/mol        0.1108 kcal/(mol*A)
xmin    90      -28.2841 kcal/mol        0.1017 kcal/(mol*A)
xmin   100      -28.2936 kcal/mol        0.1354 kcal/(mol*A)
xmin   110      -28.3006 kcal/mol        0.0874 kcal/(mol*A)
xmin   120      -28.3046 kcal/mol        0.1092 kcal/(mol*A)
xmin   130      -28.3068 kcal/mol        0.0316 kcal/(mol*A)
xmin   140      -28.3082 kcal/mol        0.0735 kcal/(mol*A)
xmin   150      -28.3099 kcal/mol        0.0983 kcal/(mol*A)
xmin   160      -28.3112 kcal/mol        0.0428 kcal/(mol*A)
xmin   170      -28.3124 kcal/mol        0.0566 kcal/(mol*A)
xmin   180      -28.3132 kcal/mol        0.0346 kcal/(mol*A)
xmin   190      -28.3139 kcal/mol        0.0841 kcal/(mol*A)
xmin   200      -28.3143 kcal/mol        0.0093 kcal/(mol*A)
xmin   210      -28.3147 kcal/mol        0.0179 kcal/(mol*A)
xmin   220      -28.3149 kcal/mol        0.0102 kcal/(mol*A)
xmin   230      -28.3151 kcal/mol        0.0349 kcal/(mol*A)
xmin   240      -28.3152 kcal/mol        0.0161 kcal/(mol*A)
xmin   250      -28.3153 kcal/mol        0.0157 kcal/(mol*A)
xmin   260      -28.3155 kcal/mol        0.0096 kcal/(mol*A)
xmin   270      -28.3155 kcal/mol        0.0147 kcal/(mol*A)
xmin   280      -28.3156 kcal/mol        0.0122 kcal/(mol*A)
xmin   290      -28.3157 kcal/mol        0.0068 kcal/(mol*A)
xmin   300      -28.3158 kcal/mol        0.0178 kcal/(mol*A)
xmin   310      -28.3158 kcal/mol        0.0186 kcal/(mol*A)
xmin   320      -28.3158 kcal/mol        0.0052 kcal/(mol*A)
xmin   330      -28.3158 kcal/mol        0.0116 kcal/(mol*A)
xmin   340      -28.3159 kcal/mol        0.0110 kcal/(mol*A)
xmin   350      -28.3159 kcal/mol        0.0039 kcal/(mol*A)
xmin   360      -28.3159 kcal/mol        0.0103 kcal/(mol*A)
xmin   370      -28.3159 kcal/mol        0.0023 kcal/(mol*A)
xmin   380      -28.3159 kcal/mol        0.0025 kcal/(mol*A)
xmin   390      -28.3159 kcal/mol        0.0013 kcal/(mol*A)
xmin   400      -28.3159 kcal/mol        0.0011 kcal/(mol*A)
xmin   410      -28.3159 kcal/mol        0.0009 kcal/(mol*A)
xmin   420      -28.3159 kcal/mol        0.0010 kcal/(mol*A)
xmin   430      -28.3159 kcal/mol        0.0006 kcal/(mol*A)
xmin   440      -28.3159 kcal/mol        0.0024 kcal/(mol*A)
xmin   450      -28.3159 kcal/mol        0.0048 kcal/(mol*A)
  ... geometry converged !
 
 Final MO eigenvalues (eV):
 -39.4836  -36.2341  -31.2984  -26.9221  -22.2119  -19.7051  -17.4755  -16.7625
 -15.8832  -14.8068  -14.5754  -13.4868  -13.1804  -12.4419  -11.8615  -10.5969
 -10.1618    0.8544    1.1763    3.0904    3.4798    3.6965    3.9620    4.1630
   4.1797    4.3835    4.5202    4.6709    4.9689    5.4087    5.7269    6.3243


 Heat of formation   =        -28.31592274 kcal/mol  (       -1.22787055 eV)

 Total SCF energy    =     -24681.88110501 kcal/mol  (    -1070.28667903 eV)
 Electronic energy   =     -91130.89200291 kcal/mol  (    -3951.73201522 eV)
 Core-core repulsion =      66449.01089790 kcal/mol  (     2881.44533619 eV)
 
    Atomic Charges for Step       1 :
  Atom    Element       Mulliken Charge
     1      O                 -0.286
     2      C                  0.185
     3      C                 -0.227
     4      C                 -0.128
     5      C                 -0.159
     6      C                 -0.226
     7      H                  0.085
     8      H                  0.111
     9      H                  0.099
    10      H                  0.113
    11      H                  0.091
    12      H                  0.122
    13      H                  0.106
    14      H                  0.115
 Total Mulliken Charge =      -0.000
 
                  X        Y        Z     TOTAL  
  QM DIPOLE     0.383   -0.506   -2.317    2.402
 
 Final Structure

  QMMM: QM Region Cartesian Coordinates (*=link atom) 
  QMMM: QM_NO.   MM_NO.  ATOM         X         Y         Z
  QMMM:     1        1      O       -2.2014    3.5259    1.7983
  QMMM:     2        2      C       -2.2432    3.4216    0.5722
  QMMM:     3        3      C       -1.3530    2.5046   -0.2122
  QMMM:     4        4      C       -1.3520    1.0881    0.3251
  QMMM:     5        5      C       -2.5244    0.2673   -0.0600
  QMMM:     6        6      C       -3.6478    0.7141   -0.6155
  QMMM:     7        7      H       -2.9515    4.0309   -0.0345
  QMMM:     8        8      H       -0.3082    2.9166   -0.1562
  QMMM:     9        9      H       -1.6600    2.5074   -1.2904
  QMMM:    10       10      H       -1.2925    1.1242    1.4495
  QMMM:    11       11      H       -0.4224    0.5703   -0.0401
  QMMM:    12       12      H       -2.4048   -0.8067    0.1696
  QMMM:    13       13      H       -3.8198    1.7722   -0.8538
  QMMM:    14       14      H       -4.4810    0.0446   -0.8660
 
           --------- Calculation Completed ----------
 
